22-Mar-2024 09:35:51.174 INFOS [main] org.apache.catalina.startup.VersionLoggerListener.log Server version:        Apache Tomcat/9.0.12
22-Mar-2024 09:35:51.183 INFOS [main] org.apache.catalina.startup.VersionLoggerListener.log Server built:          Sep 4 2018 22:13:41 UTC
22-Mar-2024 09:35:51.184 INFOS [main] org.apache.catalina.startup.VersionLoggerListener.log Server number:         9.0.12.0
22-Mar-2024 09:35:51.184 INFOS [main] org.apache.catalina.startup.VersionLoggerListener.log OS Name:               Windows 10
22-Mar-2024 09:35:51.184 INFOS [main] org.apache.catalina.startup.VersionLoggerListener.log OS Version:            10.0
22-Mar-2024 09:35:51.185 INFOS [main] org.apache.catalina.startup.VersionLoggerListener.log Architecture:          amd64
22-Mar-2024 09:35:51.185 INFOS [main] org.apache.catalina.startup.VersionLoggerListener.log Java Home:             C:\Program Files\Java\jre1.8.0_202
22-Mar-2024 09:35:51.185 INFOS [main] org.apache.catalina.startup.VersionLoggerListener.log JVM Version:           1.8.0_202-b08
22-Mar-2024 09:35:51.185 INFOS [main] org.apache.catalina.startup.VersionLoggerListener.log JVM Vendor:            Oracle Corporation
22-Mar-2024 09:35:51.186 INFOS [main] org.apache.catalina.startup.VersionLoggerListener.log CATALINA_BASE:         C:\Users\ikram\Downloads\camunda-bpm-tomcat-7.10.0\server\apache-tomcat-9.0.12
22-Mar-2024 09:35:51.194 INFOS [main] org.apache.catalina.startup.VersionLoggerListener.log CATALINA_HOME:         C:\Users\ikram\Downloads\camunda-bpm-tomcat-7.10.0\server\apache-tomcat-9.0.12
22-Mar-2024 09:35:51.195 INFOS [main] org.apache.catalina.startup.VersionLoggerListener.log Command line argument: -Djava.util.logging.config.file=C:\Users\ikram\Downloads\camunda-bpm-tomcat-7.10.0\server\apache-tomcat-9.0.12\conf\logging.properties
22-Mar-2024 09:35:51.195 INFOS [main] org.apache.catalina.startup.VersionLoggerListener.log Command line argument: -Djava.util.logging.manager=org.apache.juli.ClassLoaderLogManager
22-Mar-2024 09:35:51.196 INFOS [main] org.apache.catalina.startup.VersionLoggerListener.log Command line argument: -Djdk.tls.ephemeralDHKeySize=2048
22-Mar-2024 09:35:51.196 INFOS [main] org.apache.catalina.startup.VersionLoggerListener.log Command line argument: -Djava.protocol.handler.pkgs=org.apache.catalina.webresources
22-Mar-2024 09:35:51.197 INFOS [main] org.apache.catalina.startup.VersionLoggerListener.log Command line argument: -Xmx512m
22-Mar-2024 09:35:51.198 INFOS [main] org.apache.catalina.startup.VersionLoggerListener.log Command line argument: -XX:MaxPermSize=256m
22-Mar-2024 09:35:51.199 INFOS [main] org.apache.catalina.startup.VersionLoggerListener.log Command line argument: -XX:PermSize=256m
22-Mar-2024 09:35:51.200 INFOS [main] org.apache.catalina.startup.VersionLoggerListener.log Command line argument: -Dignore.endorsed.dirs=
22-Mar-2024 09:35:51.201 INFOS [main] org.apache.catalina.startup.VersionLoggerListener.log Command line argument: -Dcatalina.base=C:\Users\ikram\Downloads\camunda-bpm-tomcat-7.10.0\server\apache-tomcat-9.0.12
22-Mar-2024 09:35:51.202 INFOS [main] org.apache.catalina.startup.VersionLoggerListener.log Command line argument: -Dcatalina.home=C:\Users\ikram\Downloads\camunda-bpm-tomcat-7.10.0\server\apache-tomcat-9.0.12
22-Mar-2024 09:35:51.203 INFOS [main] org.apache.catalina.startup.VersionLoggerListener.log Command line argument: -Djava.io.tmpdir=C:\Users\ikram\Downloads\camunda-bpm-tomcat-7.10.0\server\apache-tomcat-9.0.12\temp
22-Mar-2024 09:35:51.204 INFOS [main] org.apache.catalina.core.AprLifecycleListener.lifecycleEvent The APR based Apache Tomcat Native library which allows optimal performance in production environments was not found on the java.library.path: [C:\Program Files\Java\jre1.8.0_202\bin;C:\Windows\Sun\Java\bin;C:\Windows\system32;C:\Windows;C:\Program Files (x86)\Common Files\Oracle\Java\javapath;C:\Program Files\Common Files\Oracle\Java\javapath;C:\Windows\system32;C:\Windows;C:\Windows\System32\Wbem;C:\Windows\System32\WindowsPowerShell\v1.0\;C:\Windows\System32\OpenSSH\;C:\Program Files\MySQL\MySQL Server 8.0\bin;C:\Program Files\Docker\Docker\resources\bin;C:\Program Files\apache-maven-3.9.1\bin;C:\Program Files\nodejs\;C:\Program Files\Java\jdk-17\bin;C:\Program Files\Git\cmd;C:\Program Files\Git\mingw64\bin;C:\Program Files\Git\usr\bin;C:\Program Files\neo4j-community-5.7.0\bin;C:\Program Files\redis-7.0.11\redis-7.0.11;C:\Program Files\MongoDB\Server\6.0\bin;C:\Program Files\MongoDB\Server\6.0;C:\Program Files\Java\jdk-17;C:\Program Files\Java\jdk1.8.0_202\bin;\bin;C:\Program Files\MySQL\MySQL Shell 8.0\bin\;C:\Users\ikram\AppData\Local\Microsoft\WindowsApps;C:\Program Files\MySQL\MySQL Server 8.0\bin;C:\Users\ikram\AppData\Local\Programs\Microsoft VS Code\bin;C:\Program Files\JetBrains\IntelliJ IDEA Community Edition 2023.3.4\bin;;C:\Program Files\MongoDB\Server\6.0\bin;C:\Users\ikram\AppData\Roaming\npm;C:\Program Files\PostgreSQL\15\bin;C:\Program Files\MongoDB\Server\6.0;C:\BigDataLocalSetup\Spark\bin;C:\BigDataLocalSetup\hadoop\bin;;.]
22-Mar-2024 09:35:51.559 INFOS [main] org.apache.coyote.AbstractProtocol.init Initializing ProtocolHandler ["http-nio-8080"]
22-Mar-2024 09:35:52.816 INFOS [main] org.apache.tomcat.util.net.NioSelectorPool.getSharedSelector Using a shared selector for servlet write/read
22-Mar-2024 09:35:52.830 INFOS [main] org.apache.coyote.AbstractProtocol.init Initializing ProtocolHandler ["ajp-nio-8009"]
22-Mar-2024 09:35:52.834 INFOS [main] org.apache.tomcat.util.net.NioSelectorPool.getSharedSelector Using a shared selector for servlet write/read
22-Mar-2024 09:35:52.834 INFOS [main] org.apache.catalina.startup.Catalina.load Initialization processed in 2530 ms
22-Mar-2024 09:35:56.005 INFOS [main] org.camunda.commons.logging.BaseLogger.logInfo ENGINE-08046 Found camunda bpm platform configuration in CATALINA_BASE/CATALINA_HOME conf directory [C:\Users\ikram\Downloads\camunda-bpm-tomcat-7.10.0\server\apache-tomcat-9.0.12\conf\bpm-platform.xml] at 'file:/C:/Users/ikram/Downloads/camunda-bpm-tomcat-7.10.0/server/apache-tomcat-9.0.12/conf/bpm-platform.xml'
22-Mar-2024 09:35:57.992 INFOS [main] org.camunda.commons.logging.BaseLogger.logInfo ENGINE-12003 Plugin 'ProcessApplicationEventListenerPlugin' activated on process engine 'default'
22-Mar-2024 09:35:58.010 INFOS [main] org.camunda.commons.logging.BaseLogger.logInfo ENGINE-12003 Plugin 'SpinProcessEnginePlugin' activated on process engine 'default'
22-Mar-2024 09:35:58.021 INFOS [main] org.camunda.commons.logging.BaseLogger.logInfo SPIN-01010 Discovered Spin data format provider: org.camunda.spin.impl.json.jackson.format.JacksonJsonDataFormatProvider[name = application/json]
22-Mar-2024 09:35:58.493 INFOS [main] org.camunda.commons.logging.BaseLogger.logInfo SPIN-01010 Discovered Spin data format provider: org.camunda.spin.impl.xml.dom.format.DomXmlDataFormatProvider[name = application/xml]
22-Mar-2024 09:35:58.522 INFOS [main] org.camunda.commons.logging.BaseLogger.logInfo SPIN-01009 Discovered Spin data format: org.camunda.spin.impl.xml.dom.format.DomXmlDataFormat[name = application/xml]
22-Mar-2024 09:35:58.522 INFOS [main] org.camunda.commons.logging.BaseLogger.logInfo SPIN-01009 Discovered Spin data format: org.camunda.spin.impl.json.jackson.format.JacksonJsonDataFormat[name = application/json]
22-Mar-2024 09:35:58.523 INFOS [main] org.camunda.commons.logging.BaseLogger.logInfo ENGINE-12003 Plugin 'ConnectProcessEnginePlugin' activated on process engine 'default'
22-Mar-2024 09:35:58.744 INFOS [main] org.camunda.commons.logging.BaseLogger.logInfo CNCT-01004 Discovered provider for connector id 'http-connector' and class 'org.camunda.connect.httpclient.impl.HttpConnectorImpl': 'org.camunda.connect.httpclient.impl.HttpConnectorProviderImpl'
22-Mar-2024 09:35:58.754 INFOS [main] org.camunda.commons.logging.BaseLogger.logInfo CNCT-01004 Discovered provider for connector id 'soap-http-connector' and class 'org.camunda.connect.httpclient.soap.impl.SoapHttpConnectorImpl': 'org.camunda.connect.httpclient.soap.impl.SoapHttpConnectorProviderImpl'
22-Mar-2024 09:36:04.876 INFOS [main] org.camunda.commons.logging.BaseLogger.logInfo ENGINE-00001 Process Engine default created.
22-Mar-2024 09:36:04.880 INFOS [main] org.camunda.commons.logging.BaseLogger.logInfo ENGINE-14014 Starting up the JobExecutor[org.camunda.bpm.engine.impl.jobexecutor.RuntimeContainerJobExecutor].
22-Mar-2024 09:36:04.884 INFOS [Thread-6] org.camunda.commons.logging.BaseLogger.logInfo ENGINE-14018 JobExecutor[org.camunda.bpm.engine.impl.jobexecutor.RuntimeContainerJobExecutor] starting to acquire jobs
22-Mar-2024 09:36:04.893 INFOS [main] org.camunda.commons.logging.BaseLogger.logInfo ENGINE-08048 Camunda BPM platform sucessfully started at 'Apache Tomcat/9.0.12'.
22-Mar-2024 09:36:04.923 INFOS [main] org.apache.catalina.core.StandardService.startInternal Démarrage du service [Catalina]
22-Mar-2024 09:36:04.924 INFOS [main] org.apache.catalina.core.StandardEngine.startInternal Starting Servlet Engine: Apache Tomcat/9.0.12
22-Mar-2024 09:36:04.977 INFOS [main] org.apache.catalina.startup.HostConfig.deployWAR Déploiement de l'archive [C:\Users\ikram\Downloads\camunda-bpm-tomcat-7.10.0\server\apache-tomcat-9.0.12\webapps\camunda-process-application.war] de l'application web
22-Mar-2024 09:36:11.876 INFOS [main] org.apache.jasper.servlet.TldScanner.scanJars At least one JAR was scanned for TLDs yet contained no TLDs. Enable debug logging for this logger for a complete list of JARs that were scanned but no TLDs were found in them. Skipping unneeded JARs during scanning can improve startup time and JSP compilation time.
22-Mar-2024 09:36:11.967 INFOS [main] org.apache.catalina.startup.HostConfig.deployWAR Deployment of web application archive [C:\Users\ikram\Downloads\camunda-bpm-tomcat-7.10.0\server\apache-tomcat-9.0.12\webapps\camunda-process-application.war] has finished in [6 989] ms
22-Mar-2024 09:36:11.971 INFOS [main] org.apache.catalina.startup.HostConfig.deployDirectory Déploiement du répertoire [C:\Users\ikram\Downloads\camunda-bpm-tomcat-7.10.0\server\apache-tomcat-9.0.12\webapps\camunda] de l'application web
22-Mar-2024 09:36:20.155 INFOS [main] org.apache.jasper.servlet.TldScanner.scanJars At least one JAR was scanned for TLDs yet contained no TLDs. Enable debug logging for this logger for a complete list of JARs that were scanned but no TLDs were found in them. Skipping unneeded JARs during scanning can improve startup time and JSP compilation time.
22-Mar-2024 09:36:21.096 INFOS [main] org.apache.catalina.startup.HostConfig.deployDirectory Deployment of web application directory [C:\Users\ikram\Downloads\camunda-bpm-tomcat-7.10.0\server\apache-tomcat-9.0.12\webapps\camunda] has finished in [9 125] ms
22-Mar-2024 09:36:21.097 INFOS [main] org.apache.catalina.startup.HostConfig.deployDirectory Déploiement du répertoire [C:\Users\ikram\Downloads\camunda-bpm-tomcat-7.10.0\server\apache-tomcat-9.0.12\webapps\camunda-invoice] de l'application web
22-Mar-2024 09:36:26.731 INFOS [main] org.camunda.commons.logging.BaseLogger.logInfo ENGINE-07015 Detected @ProcessApplication class 'org.camunda.bpm.example.invoice.InvoiceProcessApplication'
22-Mar-2024 09:36:26.779 INFOS [main] org.apache.jasper.servlet.TldScanner.scanJars At least one JAR was scanned for TLDs yet contained no TLDs. Enable debug logging for this logger for a complete list of JARs that were scanned but no TLDs were found in them. Skipping unneeded JARs during scanning can improve startup time and JSP compilation time.
22-Mar-2024 09:36:26.793 INFOS [main] org.camunda.commons.logging.BaseLogger.logInfo ENGINE-08024 Found processes.xml file at file:/C:/Users/ikram/Downloads/camunda-bpm-tomcat-7.10.0/server/apache-tomcat-9.0.12/webapps/camunda-invoice/WEB-INF/classes/META-INF/processes.xml
22-Mar-2024 09:36:26.864 INFOS [main] org.camunda.commons.logging.BaseLogger.logInfo ENGINE-08023 Deployment summary for process archive 'camunda-invoice': 

        invoiceBusinessDecisions.dmn
        invoice.v2.bpmn
        review-invoice.cmmn

22-Mar-2024 09:36:28.268 INFOS [main] org.camunda.commons.logging.BaseLogger.logInfo ENGINE-07021 ProcessApplication 'camunda-invoice' registered for DB deployments [f2d35a30-e1e2-11ee-ab62-665d86c41bd4, f24a2cf2-e1e2-11ee-ab62-665d86c41bd4]. Will execute process definitions 

        invoice[version: 2, id: invoice:2:f2e5f7d4-e1e2-11ee-ab62-665d86c41bd4]
        invoice[version: 1, id: invoice:1:f267c716-e1e2-11ee-ab62-665d86c41bd4]

Will execute case definitions 

        ReviewInvoiceCase[version: 2, id: ReviewInvoiceCase:2:f2f16986-e1e2-11ee-ab62-665d86c41bd4]
        ReviewInvoiceCase[version: 1, id: ReviewInvoiceCase:1:f2aac38c-e1e2-11ee-ab62-665d86c41bd4]

22-Mar-2024 09:36:28.284 INFOS [main] org.camunda.commons.logging.BaseLogger.logInfo SPIN-01010 Discovered Spin data format provider: org.camunda.spin.impl.json.jackson.format.JacksonJsonDataFormatProvider[name = application/json]
22-Mar-2024 09:36:28.289 INFOS [main] org.camunda.commons.logging.BaseLogger.logInfo SPIN-01010 Discovered Spin data format provider: org.camunda.spin.impl.xml.dom.format.DomXmlDataFormatProvider[name = application/xml]
22-Mar-2024 09:36:28.294 INFOS [main] org.camunda.commons.logging.BaseLogger.logInfo SPIN-01009 Discovered Spin data format: org.camunda.spin.impl.xml.dom.format.DomXmlDataFormat[name = application/xml]
22-Mar-2024 09:36:28.295 INFOS [main] org.camunda.commons.logging.BaseLogger.logInfo SPIN-01009 Discovered Spin data format: org.camunda.spin.impl.json.jackson.format.JacksonJsonDataFormat[name = application/json]
22-Mar-2024 09:36:28.450 INFOS [main] org.camunda.bpm.example.invoice.InvoiceProcessApplication.startProcessInstances No new instances of Invoice Receipt version 1 started, there are 3 instances running
22-Mar-2024 09:36:28.502 INFOS [main] org.camunda.bpm.example.invoice.InvoiceProcessApplication.startProcessInstances No new instances of Invoice Receipt version 2 started, there are 3 instances running
22-Mar-2024 09:36:28.503 INFOS [main] org.camunda.commons.logging.BaseLogger.logInfo ENGINE-08050 Process application camunda-invoice successfully deployed
22-Mar-2024 09:36:28.509 INFOS [main] org.apache.catalina.startup.HostConfig.deployDirectory Deployment of web application directory [C:\Users\ikram\Downloads\camunda-bpm-tomcat-7.10.0\server\apache-tomcat-9.0.12\webapps\camunda-invoice] has finished in [7 412] ms
22-Mar-2024 09:36:28.511 INFOS [main] org.apache.catalina.startup.HostConfig.deployDirectory Déploiement du répertoire [C:\Users\ikram\Downloads\camunda-bpm-tomcat-7.10.0\server\apache-tomcat-9.0.12\webapps\camunda-welcome] de l'application web
22-Mar-2024 09:36:32.770 INFOS [main] org.apache.jasper.servlet.TldScanner.scanJars At least one JAR was scanned for TLDs yet contained no TLDs. Enable debug logging for this logger for a complete list of JARs that were scanned but no TLDs were found in them. Skipping unneeded JARs during scanning can improve startup time and JSP compilation time.
22-Mar-2024 09:36:32.774 INFOS [main] org.apache.catalina.startup.HostConfig.deployDirectory Deployment of web application directory [C:\Users\ikram\Downloads\camunda-bpm-tomcat-7.10.0\server\apache-tomcat-9.0.12\webapps\camunda-welcome] has finished in [4 263] ms
22-Mar-2024 09:36:32.776 INFOS [main] org.apache.catalina.startup.HostConfig.deployDirectory Déploiement du répertoire [C:\Users\ikram\Downloads\camunda-bpm-tomcat-7.10.0\server\apache-tomcat-9.0.12\webapps\docs] de l'application web
22-Mar-2024 09:36:36.536 INFOS [main] org.apache.jasper.servlet.TldScanner.scanJars At least one JAR was scanned for TLDs yet contained no TLDs. Enable debug logging for this logger for a complete list of JARs that were scanned but no TLDs were found in them. Skipping unneeded JARs during scanning can improve startup time and JSP compilation time.
22-Mar-2024 09:36:36.541 INFOS [main] org.apache.catalina.startup.HostConfig.deployDirectory Deployment of web application directory [C:\Users\ikram\Downloads\camunda-bpm-tomcat-7.10.0\server\apache-tomcat-9.0.12\webapps\docs] has finished in [3 766] ms
22-Mar-2024 09:36:36.543 INFOS [main] org.apache.catalina.startup.HostConfig.deployDirectory Déploiement du répertoire [C:\Users\ikram\Downloads\camunda-bpm-tomcat-7.10.0\server\apache-tomcat-9.0.12\webapps\engine-rest] de l'application web
22-Mar-2024 09:36:41.993 INFOS [main] org.apache.jasper.servlet.TldScanner.scanJars At least one JAR was scanned for TLDs yet contained no TLDs. Enable debug logging for this logger for a complete list of JARs that were scanned but no TLDs were found in them. Skipping unneeded JARs during scanning can improve startup time and JSP compilation time.
22-Mar-2024 09:36:42.384 INFOS [main] org.apache.catalina.startup.HostConfig.deployDirectory Deployment of web application directory [C:\Users\ikram\Downloads\camunda-bpm-tomcat-7.10.0\server\apache-tomcat-9.0.12\webapps\engine-rest] has finished in [5 841] ms
22-Mar-2024 09:36:42.385 INFOS [main] org.apache.catalina.startup.HostConfig.deployDirectory Déploiement du répertoire [C:\Users\ikram\Downloads\camunda-bpm-tomcat-7.10.0\server\apache-tomcat-9.0.12\webapps\examples] de l'application web
22-Mar-2024 09:36:47.073 INFOS [main] org.apache.jasper.servlet.TldScanner.scanJars At least one JAR was scanned for TLDs yet contained no TLDs. Enable debug logging for this logger for a complete list of JARs that were scanned but no TLDs were found in them. Skipping unneeded JARs during scanning can improve startup time and JSP compilation time.
22-Mar-2024 09:36:47.163 INFOS [main] org.apache.catalina.startup.HostConfig.deployDirectory Deployment of web application directory [C:\Users\ikram\Downloads\camunda-bpm-tomcat-7.10.0\server\apache-tomcat-9.0.12\webapps\examples] has finished in [4 778] ms
22-Mar-2024 09:36:47.165 INFOS [main] org.apache.catalina.startup.HostConfig.deployDirectory Déploiement du répertoire [C:\Users\ikram\Downloads\camunda-bpm-tomcat-7.10.0\server\apache-tomcat-9.0.12\webapps\h2] de l'application web
22-Mar-2024 09:36:51.305 INFOS [main] org.apache.jasper.servlet.TldScanner.scanJars At least one JAR was scanned for TLDs yet contained no TLDs. Enable debug logging for this logger for a complete list of JARs that were scanned but no TLDs were found in them. Skipping unneeded JARs during scanning can improve startup time and JSP compilation time.
22-Mar-2024 09:36:51.340 INFOS [main] org.apache.catalina.startup.HostConfig.deployDirectory Deployment of web application directory [C:\Users\ikram\Downloads\camunda-bpm-tomcat-7.10.0\server\apache-tomcat-9.0.12\webapps\h2] has finished in [4 175] ms
22-Mar-2024 09:36:51.341 INFOS [main] org.apache.catalina.startup.HostConfig.deployDirectory Déploiement du répertoire [C:\Users\ikram\Downloads\camunda-bpm-tomcat-7.10.0\server\apache-tomcat-9.0.12\webapps\host-manager] de l'application web
22-Mar-2024 09:36:54.999 INFOS [main] org.apache.jasper.servlet.TldScanner.scanJars At least one JAR was scanned for TLDs yet contained no TLDs. Enable debug logging for this logger for a complete list of JARs that were scanned but no TLDs were found in them. Skipping unneeded JARs during scanning can improve startup time and JSP compilation time.
22-Mar-2024 09:36:55.008 INFOS [main] org.apache.catalina.startup.HostConfig.deployDirectory Deployment of web application directory [C:\Users\ikram\Downloads\camunda-bpm-tomcat-7.10.0\server\apache-tomcat-9.0.12\webapps\host-manager] has finished in [3 667] ms
22-Mar-2024 09:36:55.009 INFOS [main] org.apache.catalina.startup.HostConfig.deployDirectory Déploiement du répertoire [C:\Users\ikram\Downloads\camunda-bpm-tomcat-7.10.0\server\apache-tomcat-9.0.12\webapps\manager] de l'application web
22-Mar-2024 09:37:00.825 INFOS [main] org.apache.jasper.servlet.TldScanner.scanJars At least one JAR was scanned for TLDs yet contained no TLDs. Enable debug logging for this logger for a complete list of JARs that were scanned but no TLDs were found in them. Skipping unneeded JARs during scanning can improve startup time and JSP compilation time.
22-Mar-2024 09:37:00.832 INFOS [main] org.apache.catalina.startup.HostConfig.deployDirectory Deployment of web application directory [C:\Users\ikram\Downloads\camunda-bpm-tomcat-7.10.0\server\apache-tomcat-9.0.12\webapps\manager] has finished in [5 822] ms
22-Mar-2024 09:37:00.833 INFOS [main] org.apache.catalina.startup.HostConfig.deployDirectory Déploiement du répertoire [C:\Users\ikram\Downloads\camunda-bpm-tomcat-7.10.0\server\apache-tomcat-9.0.12\webapps\ROOT] de l'application web
22-Mar-2024 09:37:09.032 INFOS [main] org.apache.jasper.servlet.TldScanner.scanJars At least one JAR was scanned for TLDs yet contained no TLDs. Enable debug logging for this logger for a complete list of JARs that were scanned but no TLDs were found in them. Skipping unneeded JARs during scanning can improve startup time and JSP compilation time.
22-Mar-2024 09:37:09.047 INFOS [main] org.apache.catalina.startup.HostConfig.deployDirectory Deployment of web application directory [C:\Users\ikram\Downloads\camunda-bpm-tomcat-7.10.0\server\apache-tomcat-9.0.12\webapps\ROOT] has finished in [8 213] ms
22-Mar-2024 09:37:09.055 INFOS [main] org.apache.coyote.AbstractProtocol.start Starting ProtocolHandler ["http-nio-8080"]
22-Mar-2024 09:37:09.077 INFOS [main] org.apache.coyote.AbstractProtocol.start Starting ProtocolHandler ["ajp-nio-8009"]
22-Mar-2024 09:37:09.108 INFOS [main] org.apache.catalina.startup.Catalina.start Server startup in 76273 ms
22-Mar-2024 13:54:42.897 INFOS [http-nio-8080-exec-4] org.jboss.resteasy.logging.impl.Slf4jLogger.info Deploying javax.ws.rs.core.Application: class org.camunda.bpm.cockpit.impl.web.CockpitApplication
22-Mar-2024 13:54:43.544 INFOS [http-nio-8080-exec-8] org.jboss.resteasy.logging.impl.Slf4jLogger.info Deploying javax.ws.rs.core.Application: class org.camunda.bpm.webapp.impl.engine.EngineRestApplication
22-Mar-2024 13:54:44.229 INFOS [http-nio-8080-exec-2] org.jboss.resteasy.logging.impl.Slf4jLogger.info Deploying javax.ws.rs.core.Application: class org.camunda.bpm.admin.impl.web.AdminApplication
