15-Mar-2024 11:18:41.619 INFOS [main] org.apache.catalina.startup.VersionLoggerListener.log Server version:        Apache Tomcat/9.0.12
15-Mar-2024 11:18:41.631 INFOS [main] org.apache.catalina.startup.VersionLoggerListener.log Server built:          Sep 4 2018 22:13:41 UTC
15-Mar-2024 11:18:41.632 INFOS [main] org.apache.catalina.startup.VersionLoggerListener.log Server number:         9.0.12.0
15-Mar-2024 11:18:41.632 INFOS [main] org.apache.catalina.startup.VersionLoggerListener.log OS Name:               Windows 10
15-Mar-2024 11:18:41.633 INFOS [main] org.apache.catalina.startup.VersionLoggerListener.log OS Version:            10.0
15-Mar-2024 11:18:41.633 INFOS [main] org.apache.catalina.startup.VersionLoggerListener.log Architecture:          amd64
15-Mar-2024 11:18:41.634 INFOS [main] org.apache.catalina.startup.VersionLoggerListener.log Java Home:             C:\Program Files\Java\jre1.8.0_202
15-Mar-2024 11:18:41.634 INFOS [main] org.apache.catalina.startup.VersionLoggerListener.log JVM Version:           1.8.0_202-b08
15-Mar-2024 11:18:41.634 INFOS [main] org.apache.catalina.startup.VersionLoggerListener.log JVM Vendor:            Oracle Corporation
15-Mar-2024 11:18:41.634 INFOS [main] org.apache.catalina.startup.VersionLoggerListener.log CATALINA_BASE:         C:\Users\ikram\Downloads\camunda-bpm-tomcat-7.10.0\server\apache-tomcat-9.0.12
15-Mar-2024 11:18:41.634 INFOS [main] org.apache.catalina.startup.VersionLoggerListener.log CATALINA_HOME:         C:\Users\ikram\Downloads\camunda-bpm-tomcat-7.10.0\server\apache-tomcat-9.0.12
15-Mar-2024 11:18:41.643 INFOS [main] org.apache.catalina.startup.VersionLoggerListener.log Command line argument: -Djava.util.logging.config.file=C:\Users\ikram\Downloads\camunda-bpm-tomcat-7.10.0\server\apache-tomcat-9.0.12\conf\logging.properties
15-Mar-2024 11:18:41.644 INFOS [main] org.apache.catalina.startup.VersionLoggerListener.log Command line argument: -Djava.util.logging.manager=org.apache.juli.ClassLoaderLogManager
15-Mar-2024 11:18:41.644 INFOS [main] org.apache.catalina.startup.VersionLoggerListener.log Command line argument: -Djdk.tls.ephemeralDHKeySize=2048
15-Mar-2024 11:18:41.644 INFOS [main] org.apache.catalina.startup.VersionLoggerListener.log Command line argument: -Djava.protocol.handler.pkgs=org.apache.catalina.webresources
15-Mar-2024 11:18:41.646 INFOS [main] org.apache.catalina.startup.VersionLoggerListener.log Command line argument: -Xmx512m
15-Mar-2024 11:18:41.647 INFOS [main] org.apache.catalina.startup.VersionLoggerListener.log Command line argument: -XX:MaxPermSize=256m
15-Mar-2024 11:18:41.648 INFOS [main] org.apache.catalina.startup.VersionLoggerListener.log Command line argument: -XX:PermSize=256m
15-Mar-2024 11:18:41.653 INFOS [main] org.apache.catalina.startup.VersionLoggerListener.log Command line argument: -Dignore.endorsed.dirs=
15-Mar-2024 11:18:41.655 INFOS [main] org.apache.catalina.startup.VersionLoggerListener.log Command line argument: -Dcatalina.base=C:\Users\ikram\Downloads\camunda-bpm-tomcat-7.10.0\server\apache-tomcat-9.0.12
15-Mar-2024 11:18:41.656 INFOS [main] org.apache.catalina.startup.VersionLoggerListener.log Command line argument: -Dcatalina.home=C:\Users\ikram\Downloads\camunda-bpm-tomcat-7.10.0\server\apache-tomcat-9.0.12
15-Mar-2024 11:18:41.657 INFOS [main] org.apache.catalina.startup.VersionLoggerListener.log Command line argument: -Djava.io.tmpdir=C:\Users\ikram\Downloads\camunda-bpm-tomcat-7.10.0\server\apache-tomcat-9.0.12\temp
15-Mar-2024 11:18:41.658 INFOS [main] org.apache.catalina.core.AprLifecycleListener.lifecycleEvent The APR based Apache Tomcat Native library which allows optimal performance in production environments was not found on the java.library.path: [C:\Program Files\Java\jre1.8.0_202\bin;C:\Windows\Sun\Java\bin;C:\Windows\system32;C:\Windows;C:\Program Files (x86)\Common Files\Oracle\Java\javapath;C:\Program Files\Common Files\Oracle\Java\javapath;C:\Windows\system32;C:\Windows;C:\Windows\System32\Wbem;C:\Windows\System32\WindowsPowerShell\v1.0\;C:\Windows\System32\OpenSSH\;C:\Program Files\MySQL\MySQL Server 8.0\bin;C:\Program Files\Docker\Docker\resources\bin;C:\Program Files\apache-maven-3.9.1\bin;C:\Program Files\nodejs\;C:\Program Files\Java\jdk-17\bin;C:\Program Files\Git\cmd;C:\Program Files\Git\mingw64\bin;C:\Program Files\Git\usr\bin;C:\Program Files\neo4j-community-5.7.0\bin;C:\Program Files\redis-7.0.11\redis-7.0.11;C:\Program Files\MongoDB\Server\6.0\bin;C:\Program Files\MongoDB\Server\6.0;C:\Program Files\Java\jdk-17;C:\Program Files\Java\jdk1.8.0_202\bin;\bin;C:\Program Files\MySQL\MySQL Shell 8.0\bin\;C:\Users\ikram\AppData\Local\Microsoft\WindowsApps;C:\Program Files\MySQL\MySQL Server 8.0\bin;C:\Users\ikram\AppData\Local\Programs\Microsoft VS Code\bin;C:\Program Files\JetBrains\IntelliJ IDEA Community Edition 2023.3.4\bin;;C:\Program Files\MongoDB\Server\6.0\bin;C:\Users\ikram\AppData\Roaming\npm;C:\Program Files\PostgreSQL\15\bin;C:\Program Files\MongoDB\Server\6.0;C:\BigDataLocalSetup\Spark\bin;C:\BigDataLocalSetup\hadoop\bin;C:\openlogic-openjdk-8u402-b06-windows-64\bin;;.]
15-Mar-2024 11:18:43.933 INFOS [main] org.apache.coyote.AbstractProtocol.init Initializing ProtocolHandler ["http-nio-8080"]
15-Mar-2024 11:18:45.191 INFOS [main] org.apache.tomcat.util.net.NioSelectorPool.getSharedSelector Using a shared selector for servlet write/read
15-Mar-2024 11:18:45.204 INFOS [main] org.apache.coyote.AbstractProtocol.init Initializing ProtocolHandler ["ajp-nio-8009"]
15-Mar-2024 11:18:45.222 INFOS [main] org.apache.tomcat.util.net.NioSelectorPool.getSharedSelector Using a shared selector for servlet write/read
15-Mar-2024 11:18:45.223 INFOS [main] org.apache.catalina.startup.Catalina.load Initialization processed in 4641 ms
15-Mar-2024 11:18:48.800 INFOS [main] org.camunda.commons.logging.BaseLogger.logInfo ENGINE-08046 Found camunda bpm platform configuration in CATALINA_BASE/CATALINA_HOME conf directory [C:\Users\ikram\Downloads\camunda-bpm-tomcat-7.10.0\server\apache-tomcat-9.0.12\conf\bpm-platform.xml] at 'file:/C:/Users/ikram/Downloads/camunda-bpm-tomcat-7.10.0/server/apache-tomcat-9.0.12/conf/bpm-platform.xml'
15-Mar-2024 11:18:50.979 INFOS [main] org.camunda.commons.logging.BaseLogger.logInfo ENGINE-12003 Plugin 'ProcessApplicationEventListenerPlugin' activated on process engine 'default'
15-Mar-2024 11:18:50.994 INFOS [main] org.camunda.commons.logging.BaseLogger.logInfo ENGINE-12003 Plugin 'SpinProcessEnginePlugin' activated on process engine 'default'
15-Mar-2024 11:18:51.004 INFOS [main] org.camunda.commons.logging.BaseLogger.logInfo SPIN-01010 Discovered Spin data format provider: org.camunda.spin.impl.json.jackson.format.JacksonJsonDataFormatProvider[name = application/json]
15-Mar-2024 11:18:51.391 INFOS [main] org.camunda.commons.logging.BaseLogger.logInfo SPIN-01010 Discovered Spin data format provider: org.camunda.spin.impl.xml.dom.format.DomXmlDataFormatProvider[name = application/xml]
15-Mar-2024 11:18:51.421 INFOS [main] org.camunda.commons.logging.BaseLogger.logInfo SPIN-01009 Discovered Spin data format: org.camunda.spin.impl.xml.dom.format.DomXmlDataFormat[name = application/xml]
15-Mar-2024 11:18:51.423 INFOS [main] org.camunda.commons.logging.BaseLogger.logInfo SPIN-01009 Discovered Spin data format: org.camunda.spin.impl.json.jackson.format.JacksonJsonDataFormat[name = application/json]
15-Mar-2024 11:18:51.424 INFOS [main] org.camunda.commons.logging.BaseLogger.logInfo ENGINE-12003 Plugin 'ConnectProcessEnginePlugin' activated on process engine 'default'
15-Mar-2024 11:18:51.616 INFOS [main] org.camunda.commons.logging.BaseLogger.logInfo CNCT-01004 Discovered provider for connector id 'http-connector' and class 'org.camunda.connect.httpclient.impl.HttpConnectorImpl': 'org.camunda.connect.httpclient.impl.HttpConnectorProviderImpl'
15-Mar-2024 11:18:51.623 INFOS [main] org.camunda.commons.logging.BaseLogger.logInfo CNCT-01004 Discovered provider for connector id 'soap-http-connector' and class 'org.camunda.connect.httpclient.soap.impl.SoapHttpConnectorImpl': 'org.camunda.connect.httpclient.soap.impl.SoapHttpConnectorProviderImpl'
15-Mar-2024 11:18:58.677 INFOS [main] org.camunda.commons.logging.BaseLogger.logInfo ENGINE-00001 Process Engine default created.
15-Mar-2024 11:18:58.683 INFOS [main] org.camunda.commons.logging.BaseLogger.logInfo ENGINE-14014 Starting up the JobExecutor[org.camunda.bpm.engine.impl.jobexecutor.RuntimeContainerJobExecutor].
15-Mar-2024 11:18:58.694 INFOS [Thread-6] org.camunda.commons.logging.BaseLogger.logInfo ENGINE-14018 JobExecutor[org.camunda.bpm.engine.impl.jobexecutor.RuntimeContainerJobExecutor] starting to acquire jobs
15-Mar-2024 11:18:58.700 INFOS [main] org.camunda.commons.logging.BaseLogger.logInfo ENGINE-08048 Camunda BPM platform sucessfully started at 'Apache Tomcat/9.0.12'.
15-Mar-2024 11:18:58.744 INFOS [main] org.apache.catalina.core.StandardService.startInternal Démarrage du service [Catalina]
15-Mar-2024 11:18:58.745 INFOS [main] org.apache.catalina.core.StandardEngine.startInternal Starting Servlet Engine: Apache Tomcat/9.0.12
15-Mar-2024 11:18:58.777 INFOS [main] org.apache.catalina.startup.HostConfig.deployDirectory Déploiement du répertoire [C:\Users\ikram\Downloads\camunda-bpm-tomcat-7.10.0\server\apache-tomcat-9.0.12\webapps\camunda] de l'application web
15-Mar-2024 11:19:08.601 INFOS [main] org.apache.jasper.servlet.TldScanner.scanJars At least one JAR was scanned for TLDs yet contained no TLDs. Enable debug logging for this logger for a complete list of JARs that were scanned but no TLDs were found in them. Skipping unneeded JARs during scanning can improve startup time and JSP compilation time.
15-Mar-2024 11:19:09.378 INFOS [main] org.apache.catalina.startup.HostConfig.deployDirectory Deployment of web application directory [C:\Users\ikram\Downloads\camunda-bpm-tomcat-7.10.0\server\apache-tomcat-9.0.12\webapps\camunda] has finished in [10 599] ms
15-Mar-2024 11:19:09.381 INFOS [main] org.apache.catalina.startup.HostConfig.deployDirectory Déploiement du répertoire [C:\Users\ikram\Downloads\camunda-bpm-tomcat-7.10.0\server\apache-tomcat-9.0.12\webapps\camunda-invoice] de l'application web
15-Mar-2024 11:19:13.985 INFOS [main] org.camunda.commons.logging.BaseLogger.logInfo ENGINE-07015 Detected @ProcessApplication class 'org.camunda.bpm.example.invoice.InvoiceProcessApplication'
15-Mar-2024 11:19:14.047 INFOS [main] org.apache.jasper.servlet.TldScanner.scanJars At least one JAR was scanned for TLDs yet contained no TLDs. Enable debug logging for this logger for a complete list of JARs that were scanned but no TLDs were found in them. Skipping unneeded JARs during scanning can improve startup time and JSP compilation time.
15-Mar-2024 11:19:14.059 INFOS [main] org.camunda.commons.logging.BaseLogger.logInfo ENGINE-08024 Found processes.xml file at file:/C:/Users/ikram/Downloads/camunda-bpm-tomcat-7.10.0/server/apache-tomcat-9.0.12/webapps/camunda-invoice/WEB-INF/classes/META-INF/processes.xml
15-Mar-2024 11:19:14.131 INFOS [main] org.camunda.commons.logging.BaseLogger.logInfo ENGINE-08023 Deployment summary for process archive 'camunda-invoice': 

        invoiceBusinessDecisions.dmn
        invoice.v2.bpmn
        review-invoice.cmmn

15-Mar-2024 11:19:15.014 INFOS [main] org.camunda.commons.logging.BaseLogger.logInfo ENGINE-07021 ProcessApplication 'camunda-invoice' registered for DB deployments [f2d35a30-e1e2-11ee-ab62-665d86c41bd4, f24a2cf2-e1e2-11ee-ab62-665d86c41bd4]. Will execute process definitions 

        invoice[version: 2, id: invoice:2:f2e5f7d4-e1e2-11ee-ab62-665d86c41bd4]
        invoice[version: 1, id: invoice:1:f267c716-e1e2-11ee-ab62-665d86c41bd4]

Will execute case definitions 

        ReviewInvoiceCase[version: 2, id: ReviewInvoiceCase:2:f2f16986-e1e2-11ee-ab62-665d86c41bd4]
        ReviewInvoiceCase[version: 1, id: ReviewInvoiceCase:1:f2aac38c-e1e2-11ee-ab62-665d86c41bd4]

15-Mar-2024 11:19:15.027 INFOS [main] org.camunda.commons.logging.BaseLogger.logInfo SPIN-01010 Discovered Spin data format provider: org.camunda.spin.impl.json.jackson.format.JacksonJsonDataFormatProvider[name = application/json]
15-Mar-2024 11:19:15.032 INFOS [main] org.camunda.commons.logging.BaseLogger.logInfo SPIN-01010 Discovered Spin data format provider: org.camunda.spin.impl.xml.dom.format.DomXmlDataFormatProvider[name = application/xml]
15-Mar-2024 11:19:15.037 INFOS [main] org.camunda.commons.logging.BaseLogger.logInfo SPIN-01009 Discovered Spin data format: org.camunda.spin.impl.xml.dom.format.DomXmlDataFormat[name = application/xml]
15-Mar-2024 11:19:15.037 INFOS [main] org.camunda.commons.logging.BaseLogger.logInfo SPIN-01009 Discovered Spin data format: org.camunda.spin.impl.json.jackson.format.JacksonJsonDataFormat[name = application/json]
15-Mar-2024 11:19:15.161 INFOS [main] org.camunda.bpm.example.invoice.InvoiceProcessApplication.startProcessInstances No new instances of Invoice Receipt version 1 started, there are 3 instances running
15-Mar-2024 11:19:15.211 INFOS [main] org.camunda.bpm.example.invoice.InvoiceProcessApplication.startProcessInstances No new instances of Invoice Receipt version 2 started, there are 3 instances running
15-Mar-2024 11:19:15.212 INFOS [main] org.camunda.commons.logging.BaseLogger.logInfo ENGINE-08050 Process application camunda-invoice successfully deployed
15-Mar-2024 11:19:15.220 INFOS [main] org.apache.catalina.startup.HostConfig.deployDirectory Deployment of web application directory [C:\Users\ikram\Downloads\camunda-bpm-tomcat-7.10.0\server\apache-tomcat-9.0.12\webapps\camunda-invoice] has finished in [5 839] ms
15-Mar-2024 11:19:15.222 INFOS [main] org.apache.catalina.startup.HostConfig.deployDirectory Déploiement du répertoire [C:\Users\ikram\Downloads\camunda-bpm-tomcat-7.10.0\server\apache-tomcat-9.0.12\webapps\camunda-welcome] de l'application web
15-Mar-2024 11:19:18.742 INFOS [main] org.apache.jasper.servlet.TldScanner.scanJars At least one JAR was scanned for TLDs yet contained no TLDs. Enable debug logging for this logger for a complete list of JARs that were scanned but no TLDs were found in them. Skipping unneeded JARs during scanning can improve startup time and JSP compilation time.
15-Mar-2024 11:19:18.747 INFOS [main] org.apache.catalina.startup.HostConfig.deployDirectory Deployment of web application directory [C:\Users\ikram\Downloads\camunda-bpm-tomcat-7.10.0\server\apache-tomcat-9.0.12\webapps\camunda-welcome] has finished in [3 525] ms
15-Mar-2024 11:19:18.748 INFOS [main] org.apache.catalina.startup.HostConfig.deployDirectory Déploiement du répertoire [C:\Users\ikram\Downloads\camunda-bpm-tomcat-7.10.0\server\apache-tomcat-9.0.12\webapps\docs] de l'application web
15-Mar-2024 11:19:22.153 INFOS [main] org.apache.jasper.servlet.TldScanner.scanJars At least one JAR was scanned for TLDs yet contained no TLDs. Enable debug logging for this logger for a complete list of JARs that were scanned but no TLDs were found in them. Skipping unneeded JARs during scanning can improve startup time and JSP compilation time.
15-Mar-2024 11:19:22.158 INFOS [main] org.apache.catalina.startup.HostConfig.deployDirectory Deployment of web application directory [C:\Users\ikram\Downloads\camunda-bpm-tomcat-7.10.0\server\apache-tomcat-9.0.12\webapps\docs] has finished in [3 410] ms
15-Mar-2024 11:19:22.159 INFOS [main] org.apache.catalina.startup.HostConfig.deployDirectory Déploiement du répertoire [C:\Users\ikram\Downloads\camunda-bpm-tomcat-7.10.0\server\apache-tomcat-9.0.12\webapps\engine-rest] de l'application web
15-Mar-2024 11:19:28.375 INFOS [main] org.apache.jasper.servlet.TldScanner.scanJars At least one JAR was scanned for TLDs yet contained no TLDs. Enable debug logging for this logger for a complete list of JARs that were scanned but no TLDs were found in them. Skipping unneeded JARs during scanning can improve startup time and JSP compilation time.
15-Mar-2024 11:19:28.712 INFOS [main] org.apache.catalina.startup.HostConfig.deployDirectory Deployment of web application directory [C:\Users\ikram\Downloads\camunda-bpm-tomcat-7.10.0\server\apache-tomcat-9.0.12\webapps\engine-rest] has finished in [6 552] ms
15-Mar-2024 11:19:28.713 INFOS [main] org.apache.catalina.startup.HostConfig.deployDirectory Déploiement du répertoire [C:\Users\ikram\Downloads\camunda-bpm-tomcat-7.10.0\server\apache-tomcat-9.0.12\webapps\examples] de l'application web
15-Mar-2024 11:19:33.201 INFOS [main] org.apache.jasper.servlet.TldScanner.scanJars At least one JAR was scanned for TLDs yet contained no TLDs. Enable debug logging for this logger for a complete list of JARs that were scanned but no TLDs were found in them. Skipping unneeded JARs during scanning can improve startup time and JSP compilation time.
15-Mar-2024 11:19:33.262 INFOS [main] org.apache.catalina.startup.HostConfig.deployDirectory Deployment of web application directory [C:\Users\ikram\Downloads\camunda-bpm-tomcat-7.10.0\server\apache-tomcat-9.0.12\webapps\examples] has finished in [4 549] ms
15-Mar-2024 11:19:33.264 INFOS [main] org.apache.catalina.startup.HostConfig.deployDirectory Déploiement du répertoire [C:\Users\ikram\Downloads\camunda-bpm-tomcat-7.10.0\server\apache-tomcat-9.0.12\webapps\h2] de l'application web
15-Mar-2024 11:19:36.796 INFOS [main] org.apache.jasper.servlet.TldScanner.scanJars At least one JAR was scanned for TLDs yet contained no TLDs. Enable debug logging for this logger for a complete list of JARs that were scanned but no TLDs were found in them. Skipping unneeded JARs during scanning can improve startup time and JSP compilation time.
15-Mar-2024 11:19:36.824 INFOS [main] org.apache.catalina.startup.HostConfig.deployDirectory Deployment of web application directory [C:\Users\ikram\Downloads\camunda-bpm-tomcat-7.10.0\server\apache-tomcat-9.0.12\webapps\h2] has finished in [3 561] ms
15-Mar-2024 11:19:36.825 INFOS [main] org.apache.catalina.startup.HostConfig.deployDirectory Déploiement du répertoire [C:\Users\ikram\Downloads\camunda-bpm-tomcat-7.10.0\server\apache-tomcat-9.0.12\webapps\host-manager] de l'application web
15-Mar-2024 11:19:40.195 INFOS [main] org.apache.jasper.servlet.TldScanner.scanJars At least one JAR was scanned for TLDs yet contained no TLDs. Enable debug logging for this logger for a complete list of JARs that were scanned but no TLDs were found in them. Skipping unneeded JARs during scanning can improve startup time and JSP compilation time.
15-Mar-2024 11:19:40.204 INFOS [main] org.apache.catalina.startup.HostConfig.deployDirectory Deployment of web application directory [C:\Users\ikram\Downloads\camunda-bpm-tomcat-7.10.0\server\apache-tomcat-9.0.12\webapps\host-manager] has finished in [3 379] ms
15-Mar-2024 11:19:40.205 INFOS [main] org.apache.catalina.startup.HostConfig.deployDirectory Déploiement du répertoire [C:\Users\ikram\Downloads\camunda-bpm-tomcat-7.10.0\server\apache-tomcat-9.0.12\webapps\manager] de l'application web
15-Mar-2024 11:19:43.585 INFOS [main] org.apache.jasper.servlet.TldScanner.scanJars At least one JAR was scanned for TLDs yet contained no TLDs. Enable debug logging for this logger for a complete list of JARs that were scanned but no TLDs were found in them. Skipping unneeded JARs during scanning can improve startup time and JSP compilation time.
15-Mar-2024 11:19:43.589 INFOS [main] org.apache.catalina.startup.HostConfig.deployDirectory Deployment of web application directory [C:\Users\ikram\Downloads\camunda-bpm-tomcat-7.10.0\server\apache-tomcat-9.0.12\webapps\manager] has finished in [3 384] ms
15-Mar-2024 11:19:43.590 INFOS [main] org.apache.catalina.startup.HostConfig.deployDirectory Déploiement du répertoire [C:\Users\ikram\Downloads\camunda-bpm-tomcat-7.10.0\server\apache-tomcat-9.0.12\webapps\ROOT] de l'application web
15-Mar-2024 11:19:46.956 INFOS [main] org.apache.jasper.servlet.TldScanner.scanJars At least one JAR was scanned for TLDs yet contained no TLDs. Enable debug logging for this logger for a complete list of JARs that were scanned but no TLDs were found in them. Skipping unneeded JARs during scanning can improve startup time and JSP compilation time.
15-Mar-2024 11:19:46.960 INFOS [main] org.apache.catalina.startup.HostConfig.deployDirectory Deployment of web application directory [C:\Users\ikram\Downloads\camunda-bpm-tomcat-7.10.0\server\apache-tomcat-9.0.12\webapps\ROOT] has finished in [3 370] ms
15-Mar-2024 11:19:46.964 INFOS [main] org.apache.coyote.AbstractProtocol.start Starting ProtocolHandler ["http-nio-8080"]
15-Mar-2024 11:19:46.983 INFOS [main] org.apache.coyote.AbstractProtocol.start Starting ProtocolHandler ["ajp-nio-8009"]
15-Mar-2024 11:19:46.990 INFOS [main] org.apache.catalina.startup.Catalina.start Server startup in 61764 ms
15-Mar-2024 11:23:41.245 INFOS [http-nio-8080-exec-2] org.jboss.resteasy.logging.impl.Slf4jLogger.info Deploying javax.ws.rs.core.Application: class org.camunda.bpm.admin.impl.web.AdminApplication
15-Mar-2024 11:23:41.634 INFOS [http-nio-8080-exec-6] org.jboss.resteasy.logging.impl.Slf4jLogger.info Deploying javax.ws.rs.core.Application: class org.camunda.bpm.webapp.impl.engine.EngineRestApplication
15-Mar-2024 11:46:46.017 INFOS [http-nio-8080-exec-4] org.jboss.resteasy.logging.impl.Slf4jLogger.info Deploying javax.ws.rs.core.Application: class org.camunda.bpm.cockpit.impl.web.CockpitApplication
15-Mar-2024 13:53:51.091 INFOS [main] org.apache.catalina.startup.VersionLoggerListener.log Server version:        Apache Tomcat/9.0.12
15-Mar-2024 13:53:51.096 INFOS [main] org.apache.catalina.startup.VersionLoggerListener.log Server built:          Sep 4 2018 22:13:41 UTC
15-Mar-2024 13:53:51.096 INFOS [main] org.apache.catalina.startup.VersionLoggerListener.log Server number:         9.0.12.0
15-Mar-2024 13:53:51.097 INFOS [main] org.apache.catalina.startup.VersionLoggerListener.log OS Name:               Windows 10
15-Mar-2024 13:53:51.097 INFOS [main] org.apache.catalina.startup.VersionLoggerListener.log OS Version:            10.0
15-Mar-2024 13:53:51.097 INFOS [main] org.apache.catalina.startup.VersionLoggerListener.log Architecture:          amd64
15-Mar-2024 13:53:51.097 INFOS [main] org.apache.catalina.startup.VersionLoggerListener.log Java Home:             C:\Program Files\Java\jre1.8.0_202
15-Mar-2024 13:53:51.098 INFOS [main] org.apache.catalina.startup.VersionLoggerListener.log JVM Version:           1.8.0_202-b08
15-Mar-2024 13:53:51.098 INFOS [main] org.apache.catalina.startup.VersionLoggerListener.log JVM Vendor:            Oracle Corporation
15-Mar-2024 13:53:51.098 INFOS [main] org.apache.catalina.startup.VersionLoggerListener.log CATALINA_BASE:         C:\Users\ikram\Downloads\camunda-bpm-tomcat-7.10.0\server\apache-tomcat-9.0.12
15-Mar-2024 13:53:51.098 INFOS [main] org.apache.catalina.startup.VersionLoggerListener.log CATALINA_HOME:         C:\Users\ikram\Downloads\camunda-bpm-tomcat-7.10.0\server\apache-tomcat-9.0.12
15-Mar-2024 13:53:51.099 INFOS [main] org.apache.catalina.startup.VersionLoggerListener.log Command line argument: -Djava.util.logging.config.file=C:\Users\ikram\Downloads\camunda-bpm-tomcat-7.10.0\server\apache-tomcat-9.0.12\conf\logging.properties
15-Mar-2024 13:53:51.099 INFOS [main] org.apache.catalina.startup.VersionLoggerListener.log Command line argument: -Djava.util.logging.manager=org.apache.juli.ClassLoaderLogManager
15-Mar-2024 13:53:51.099 INFOS [main] org.apache.catalina.startup.VersionLoggerListener.log Command line argument: -Djdk.tls.ephemeralDHKeySize=2048
15-Mar-2024 13:53:51.100 INFOS [main] org.apache.catalina.startup.VersionLoggerListener.log Command line argument: -Djava.protocol.handler.pkgs=org.apache.catalina.webresources
15-Mar-2024 13:53:51.101 INFOS [main] org.apache.catalina.startup.VersionLoggerListener.log Command line argument: -Xmx512m
15-Mar-2024 13:53:51.102 INFOS [main] org.apache.catalina.startup.VersionLoggerListener.log Command line argument: -XX:MaxPermSize=256m
15-Mar-2024 13:53:51.108 INFOS [main] org.apache.catalina.startup.VersionLoggerListener.log Command line argument: -XX:PermSize=256m
15-Mar-2024 13:53:51.108 INFOS [main] org.apache.catalina.startup.VersionLoggerListener.log Command line argument: -Dignore.endorsed.dirs=
15-Mar-2024 13:53:51.109 INFOS [main] org.apache.catalina.startup.VersionLoggerListener.log Command line argument: -Dcatalina.base=C:\Users\ikram\Downloads\camunda-bpm-tomcat-7.10.0\server\apache-tomcat-9.0.12
15-Mar-2024 13:53:51.111 INFOS [main] org.apache.catalina.startup.VersionLoggerListener.log Command line argument: -Dcatalina.home=C:\Users\ikram\Downloads\camunda-bpm-tomcat-7.10.0\server\apache-tomcat-9.0.12
15-Mar-2024 13:53:51.111 INFOS [main] org.apache.catalina.startup.VersionLoggerListener.log Command line argument: -Djava.io.tmpdir=C:\Users\ikram\Downloads\camunda-bpm-tomcat-7.10.0\server\apache-tomcat-9.0.12\temp
15-Mar-2024 13:53:51.112 INFOS [main] org.apache.catalina.core.AprLifecycleListener.lifecycleEvent The APR based Apache Tomcat Native library which allows optimal performance in production environments was not found on the java.library.path: [C:\Program Files\Java\jre1.8.0_202\bin;C:\Windows\Sun\Java\bin;C:\Windows\system32;C:\Windows;C:\Program Files (x86)\Common Files\Oracle\Java\javapath;C:\Program Files\Common Files\Oracle\Java\javapath;C:\Windows\system32;C:\Windows;C:\Windows\System32\Wbem;C:\Windows\System32\WindowsPowerShell\v1.0\;C:\Windows\System32\OpenSSH\;C:\Program Files\MySQL\MySQL Server 8.0\bin;C:\Program Files\Docker\Docker\resources\bin;C:\Program Files\apache-maven-3.9.1\bin;C:\Program Files\nodejs\;C:\Program Files\Java\jdk-17\bin;C:\Program Files\Git\cmd;C:\Program Files\Git\mingw64\bin;C:\Program Files\Git\usr\bin;C:\Program Files\neo4j-community-5.7.0\bin;C:\Program Files\redis-7.0.11\redis-7.0.11;C:\Program Files\MongoDB\Server\6.0\bin;C:\Program Files\MongoDB\Server\6.0;C:\Program Files\Java\jdk-17;C:\Program Files\Java\jdk1.8.0_202\bin;\bin;C:\Program Files\MySQL\MySQL Shell 8.0\bin\;C:\Users\ikram\AppData\Local\Microsoft\WindowsApps;C:\Program Files\MySQL\MySQL Server 8.0\bin;C:\Users\ikram\AppData\Local\Programs\Microsoft VS Code\bin;C:\Program Files\JetBrains\IntelliJ IDEA Community Edition 2023.3.4\bin;;C:\Program Files\MongoDB\Server\6.0\bin;C:\Users\ikram\AppData\Roaming\npm;C:\Program Files\PostgreSQL\15\bin;C:\Program Files\MongoDB\Server\6.0;C:\BigDataLocalSetup\Spark\bin;C:\BigDataLocalSetup\hadoop\bin;C:\openlogic-openjdk-8u402-b06-windows-64\bin;;.]
15-Mar-2024 13:53:51.418 INFOS [main] org.apache.coyote.AbstractProtocol.init Initializing ProtocolHandler ["http-nio-8080"]
15-Mar-2024 13:53:52.653 INFOS [main] org.apache.tomcat.util.net.NioSelectorPool.getSharedSelector Using a shared selector for servlet write/read
15-Mar-2024 13:53:52.664 INFOS [main] org.apache.coyote.AbstractProtocol.init Initializing ProtocolHandler ["ajp-nio-8009"]
15-Mar-2024 13:53:52.671 INFOS [main] org.apache.tomcat.util.net.NioSelectorPool.getSharedSelector Using a shared selector for servlet write/read
15-Mar-2024 13:53:52.672 INFOS [main] org.apache.catalina.startup.Catalina.load Initialization processed in 2426 ms
15-Mar-2024 13:53:55.664 INFOS [main] org.camunda.commons.logging.BaseLogger.logInfo ENGINE-08046 Found camunda bpm platform configuration in CATALINA_BASE/CATALINA_HOME conf directory [C:\Users\ikram\Downloads\camunda-bpm-tomcat-7.10.0\server\apache-tomcat-9.0.12\conf\bpm-platform.xml] at 'file:/C:/Users/ikram/Downloads/camunda-bpm-tomcat-7.10.0/server/apache-tomcat-9.0.12/conf/bpm-platform.xml'
15-Mar-2024 13:53:57.344 INFOS [main] org.camunda.commons.logging.BaseLogger.logInfo ENGINE-12003 Plugin 'ProcessApplicationEventListenerPlugin' activated on process engine 'default'
15-Mar-2024 13:53:57.362 INFOS [main] org.camunda.commons.logging.BaseLogger.logInfo ENGINE-12003 Plugin 'SpinProcessEnginePlugin' activated on process engine 'default'
15-Mar-2024 13:53:57.375 INFOS [main] org.camunda.commons.logging.BaseLogger.logInfo SPIN-01010 Discovered Spin data format provider: org.camunda.spin.impl.json.jackson.format.JacksonJsonDataFormatProvider[name = application/json]
15-Mar-2024 13:53:57.816 INFOS [main] org.camunda.commons.logging.BaseLogger.logInfo SPIN-01010 Discovered Spin data format provider: org.camunda.spin.impl.xml.dom.format.DomXmlDataFormatProvider[name = application/xml]
15-Mar-2024 13:53:57.843 INFOS [main] org.camunda.commons.logging.BaseLogger.logInfo SPIN-01009 Discovered Spin data format: org.camunda.spin.impl.xml.dom.format.DomXmlDataFormat[name = application/xml]
15-Mar-2024 13:53:57.843 INFOS [main] org.camunda.commons.logging.BaseLogger.logInfo SPIN-01009 Discovered Spin data format: org.camunda.spin.impl.json.jackson.format.JacksonJsonDataFormat[name = application/json]
15-Mar-2024 13:53:57.845 INFOS [main] org.camunda.commons.logging.BaseLogger.logInfo ENGINE-12003 Plugin 'ConnectProcessEnginePlugin' activated on process engine 'default'
15-Mar-2024 13:53:58.040 INFOS [main] org.camunda.commons.logging.BaseLogger.logInfo CNCT-01004 Discovered provider for connector id 'http-connector' and class 'org.camunda.connect.httpclient.impl.HttpConnectorImpl': 'org.camunda.connect.httpclient.impl.HttpConnectorProviderImpl'
15-Mar-2024 13:53:58.050 INFOS [main] org.camunda.commons.logging.BaseLogger.logInfo CNCT-01004 Discovered provider for connector id 'soap-http-connector' and class 'org.camunda.connect.httpclient.soap.impl.SoapHttpConnectorImpl': 'org.camunda.connect.httpclient.soap.impl.SoapHttpConnectorProviderImpl'
15-Mar-2024 13:54:03.890 INFOS [main] org.camunda.commons.logging.BaseLogger.logInfo ENGINE-00001 Process Engine default created.
15-Mar-2024 13:54:03.893 INFOS [main] org.camunda.commons.logging.BaseLogger.logInfo ENGINE-14014 Starting up the JobExecutor[org.camunda.bpm.engine.impl.jobexecutor.RuntimeContainerJobExecutor].
15-Mar-2024 13:54:03.896 INFOS [Thread-6] org.camunda.commons.logging.BaseLogger.logInfo ENGINE-14018 JobExecutor[org.camunda.bpm.engine.impl.jobexecutor.RuntimeContainerJobExecutor] starting to acquire jobs
15-Mar-2024 13:54:03.905 INFOS [main] org.camunda.commons.logging.BaseLogger.logInfo ENGINE-08048 Camunda BPM platform sucessfully started at 'Apache Tomcat/9.0.12'.
15-Mar-2024 13:54:03.928 INFOS [main] org.apache.catalina.core.StandardService.startInternal Démarrage du service [Catalina]
15-Mar-2024 13:54:03.930 INFOS [main] org.apache.catalina.core.StandardEngine.startInternal Starting Servlet Engine: Apache Tomcat/9.0.12
15-Mar-2024 13:54:03.952 INFOS [main] org.apache.catalina.startup.HostConfig.deployDirectory Déploiement du répertoire [C:\Users\ikram\Downloads\camunda-bpm-tomcat-7.10.0\server\apache-tomcat-9.0.12\webapps\camunda] de l'application web
15-Mar-2024 13:54:10.722 INFOS [main] org.apache.jasper.servlet.TldScanner.scanJars At least one JAR was scanned for TLDs yet contained no TLDs. Enable debug logging for this logger for a complete list of JARs that were scanned but no TLDs were found in them. Skipping unneeded JARs during scanning can improve startup time and JSP compilation time.
15-Mar-2024 13:54:11.648 INFOS [main] org.apache.catalina.startup.HostConfig.deployDirectory Deployment of web application directory [C:\Users\ikram\Downloads\camunda-bpm-tomcat-7.10.0\server\apache-tomcat-9.0.12\webapps\camunda] has finished in [7 696] ms
15-Mar-2024 13:54:11.649 INFOS [main] org.apache.catalina.startup.HostConfig.deployDirectory Déploiement du répertoire [C:\Users\ikram\Downloads\camunda-bpm-tomcat-7.10.0\server\apache-tomcat-9.0.12\webapps\camunda-invoice] de l'application web
15-Mar-2024 13:54:17.175 INFOS [main] org.camunda.commons.logging.BaseLogger.logInfo ENGINE-07015 Detected @ProcessApplication class 'org.camunda.bpm.example.invoice.InvoiceProcessApplication'
15-Mar-2024 13:54:17.245 INFOS [main] org.apache.jasper.servlet.TldScanner.scanJars At least one JAR was scanned for TLDs yet contained no TLDs. Enable debug logging for this logger for a complete list of JARs that were scanned but no TLDs were found in them. Skipping unneeded JARs during scanning can improve startup time and JSP compilation time.
15-Mar-2024 13:54:17.260 INFOS [main] org.camunda.commons.logging.BaseLogger.logInfo ENGINE-08024 Found processes.xml file at file:/C:/Users/ikram/Downloads/camunda-bpm-tomcat-7.10.0/server/apache-tomcat-9.0.12/webapps/camunda-invoice/WEB-INF/classes/META-INF/processes.xml
15-Mar-2024 13:54:17.333 INFOS [main] org.camunda.commons.logging.BaseLogger.logInfo ENGINE-08023 Deployment summary for process archive 'camunda-invoice': 

        invoiceBusinessDecisions.dmn
        invoice.v2.bpmn
        review-invoice.cmmn

15-Mar-2024 13:54:18.258 INFOS [main] org.camunda.commons.logging.BaseLogger.logInfo ENGINE-07021 ProcessApplication 'camunda-invoice' registered for DB deployments [f2d35a30-e1e2-11ee-ab62-665d86c41bd4, f24a2cf2-e1e2-11ee-ab62-665d86c41bd4]. Will execute process definitions 

        invoice[version: 2, id: invoice:2:f2e5f7d4-e1e2-11ee-ab62-665d86c41bd4]
        invoice[version: 1, id: invoice:1:f267c716-e1e2-11ee-ab62-665d86c41bd4]

Will execute case definitions 

        ReviewInvoiceCase[version: 2, id: ReviewInvoiceCase:2:f2f16986-e1e2-11ee-ab62-665d86c41bd4]
        ReviewInvoiceCase[version: 1, id: ReviewInvoiceCase:1:f2aac38c-e1e2-11ee-ab62-665d86c41bd4]

15-Mar-2024 13:54:18.272 INFOS [main] org.camunda.commons.logging.BaseLogger.logInfo SPIN-01010 Discovered Spin data format provider: org.camunda.spin.impl.json.jackson.format.JacksonJsonDataFormatProvider[name = application/json]
15-Mar-2024 13:54:18.277 INFOS [main] org.camunda.commons.logging.BaseLogger.logInfo SPIN-01010 Discovered Spin data format provider: org.camunda.spin.impl.xml.dom.format.DomXmlDataFormatProvider[name = application/xml]
15-Mar-2024 13:54:18.282 INFOS [main] org.camunda.commons.logging.BaseLogger.logInfo SPIN-01009 Discovered Spin data format: org.camunda.spin.impl.xml.dom.format.DomXmlDataFormat[name = application/xml]
15-Mar-2024 13:54:18.283 INFOS [main] org.camunda.commons.logging.BaseLogger.logInfo SPIN-01009 Discovered Spin data format: org.camunda.spin.impl.json.jackson.format.JacksonJsonDataFormat[name = application/json]
15-Mar-2024 13:54:18.414 INFOS [main] org.camunda.bpm.example.invoice.InvoiceProcessApplication.startProcessInstances No new instances of Invoice Receipt version 1 started, there are 3 instances running
15-Mar-2024 13:54:18.470 INFOS [main] org.camunda.bpm.example.invoice.InvoiceProcessApplication.startProcessInstances No new instances of Invoice Receipt version 2 started, there are 3 instances running
15-Mar-2024 13:54:18.473 INFOS [main] org.camunda.commons.logging.BaseLogger.logInfo ENGINE-08050 Process application camunda-invoice successfully deployed
15-Mar-2024 13:54:18.482 INFOS [main] org.apache.catalina.startup.HostConfig.deployDirectory Deployment of web application directory [C:\Users\ikram\Downloads\camunda-bpm-tomcat-7.10.0\server\apache-tomcat-9.0.12\webapps\camunda-invoice] has finished in [6 833] ms
15-Mar-2024 13:54:18.485 INFOS [main] org.apache.catalina.startup.HostConfig.deployDirectory Déploiement du répertoire [C:\Users\ikram\Downloads\camunda-bpm-tomcat-7.10.0\server\apache-tomcat-9.0.12\webapps\camunda-welcome] de l'application web
15-Mar-2024 13:54:22.677 INFOS [main] org.apache.jasper.servlet.TldScanner.scanJars At least one JAR was scanned for TLDs yet contained no TLDs. Enable debug logging for this logger for a complete list of JARs that were scanned but no TLDs were found in them. Skipping unneeded JARs during scanning can improve startup time and JSP compilation time.
15-Mar-2024 13:54:22.683 INFOS [main] org.apache.catalina.startup.HostConfig.deployDirectory Deployment of web application directory [C:\Users\ikram\Downloads\camunda-bpm-tomcat-7.10.0\server\apache-tomcat-9.0.12\webapps\camunda-welcome] has finished in [4 199] ms
15-Mar-2024 13:54:22.684 INFOS [main] org.apache.catalina.startup.HostConfig.deployDirectory Déploiement du répertoire [C:\Users\ikram\Downloads\camunda-bpm-tomcat-7.10.0\server\apache-tomcat-9.0.12\webapps\docs] de l'application web
15-Mar-2024 13:54:26.670 INFOS [main] org.apache.jasper.servlet.TldScanner.scanJars At least one JAR was scanned for TLDs yet contained no TLDs. Enable debug logging for this logger for a complete list of JARs that were scanned but no TLDs were found in them. Skipping unneeded JARs during scanning can improve startup time and JSP compilation time.
15-Mar-2024 13:54:26.675 INFOS [main] org.apache.catalina.startup.HostConfig.deployDirectory Deployment of web application directory [C:\Users\ikram\Downloads\camunda-bpm-tomcat-7.10.0\server\apache-tomcat-9.0.12\webapps\docs] has finished in [3 992] ms
15-Mar-2024 13:54:26.676 INFOS [main] org.apache.catalina.startup.HostConfig.deployDirectory Déploiement du répertoire [C:\Users\ikram\Downloads\camunda-bpm-tomcat-7.10.0\server\apache-tomcat-9.0.12\webapps\engine-rest] de l'application web
15-Mar-2024 13:54:31.157 INFOS [main] org.apache.jasper.servlet.TldScanner.scanJars At least one JAR was scanned for TLDs yet contained no TLDs. Enable debug logging for this logger for a complete list of JARs that were scanned but no TLDs were found in them. Skipping unneeded JARs during scanning can improve startup time and JSP compilation time.
15-Mar-2024 13:54:31.572 INFOS [main] org.apache.catalina.startup.HostConfig.deployDirectory Deployment of web application directory [C:\Users\ikram\Downloads\camunda-bpm-tomcat-7.10.0\server\apache-tomcat-9.0.12\webapps\engine-rest] has finished in [4 895] ms
15-Mar-2024 13:54:31.573 INFOS [main] org.apache.catalina.startup.HostConfig.deployDirectory Déploiement du répertoire [C:\Users\ikram\Downloads\camunda-bpm-tomcat-7.10.0\server\apache-tomcat-9.0.12\webapps\examples] de l'application web
15-Mar-2024 13:54:36.483 INFOS [main] org.apache.jasper.servlet.TldScanner.scanJars At least one JAR was scanned for TLDs yet contained no TLDs. Enable debug logging for this logger for a complete list of JARs that were scanned but no TLDs were found in them. Skipping unneeded JARs during scanning can improve startup time and JSP compilation time.
15-Mar-2024 13:54:36.547 INFOS [main] org.apache.catalina.startup.HostConfig.deployDirectory Deployment of web application directory [C:\Users\ikram\Downloads\camunda-bpm-tomcat-7.10.0\server\apache-tomcat-9.0.12\webapps\examples] has finished in [4 973] ms
15-Mar-2024 13:54:36.547 INFOS [main] org.apache.catalina.startup.HostConfig.deployDirectory Déploiement du répertoire [C:\Users\ikram\Downloads\camunda-bpm-tomcat-7.10.0\server\apache-tomcat-9.0.12\webapps\h2] de l'application web
15-Mar-2024 13:54:40.145 INFOS [main] org.apache.jasper.servlet.TldScanner.scanJars At least one JAR was scanned for TLDs yet contained no TLDs. Enable debug logging for this logger for a complete list of JARs that were scanned but no TLDs were found in them. Skipping unneeded JARs during scanning can improve startup time and JSP compilation time.
15-Mar-2024 13:54:40.175 INFOS [main] org.apache.catalina.startup.HostConfig.deployDirectory Deployment of web application directory [C:\Users\ikram\Downloads\camunda-bpm-tomcat-7.10.0\server\apache-tomcat-9.0.12\webapps\h2] has finished in [3 628] ms
15-Mar-2024 13:54:40.176 INFOS [main] org.apache.catalina.startup.HostConfig.deployDirectory Déploiement du répertoire [C:\Users\ikram\Downloads\camunda-bpm-tomcat-7.10.0\server\apache-tomcat-9.0.12\webapps\host-manager] de l'application web
15-Mar-2024 13:54:43.583 INFOS [main] org.apache.jasper.servlet.TldScanner.scanJars At least one JAR was scanned for TLDs yet contained no TLDs. Enable debug logging for this logger for a complete list of JARs that were scanned but no TLDs were found in them. Skipping unneeded JARs during scanning can improve startup time and JSP compilation time.
15-Mar-2024 13:54:43.592 INFOS [main] org.apache.catalina.startup.HostConfig.deployDirectory Deployment of web application directory [C:\Users\ikram\Downloads\camunda-bpm-tomcat-7.10.0\server\apache-tomcat-9.0.12\webapps\host-manager] has finished in [3 416] ms
15-Mar-2024 13:54:43.593 INFOS [main] org.apache.catalina.startup.HostConfig.deployDirectory Déploiement du répertoire [C:\Users\ikram\Downloads\camunda-bpm-tomcat-7.10.0\server\apache-tomcat-9.0.12\webapps\manager] de l'application web
15-Mar-2024 13:54:46.992 INFOS [main] org.apache.jasper.servlet.TldScanner.scanJars At least one JAR was scanned for TLDs yet contained no TLDs. Enable debug logging for this logger for a complete list of JARs that were scanned but no TLDs were found in them. Skipping unneeded JARs during scanning can improve startup time and JSP compilation time.
15-Mar-2024 13:54:46.997 INFOS [main] org.apache.catalina.startup.HostConfig.deployDirectory Deployment of web application directory [C:\Users\ikram\Downloads\camunda-bpm-tomcat-7.10.0\server\apache-tomcat-9.0.12\webapps\manager] has finished in [3 404] ms
15-Mar-2024 13:54:46.998 INFOS [main] org.apache.catalina.startup.HostConfig.deployDirectory Déploiement du répertoire [C:\Users\ikram\Downloads\camunda-bpm-tomcat-7.10.0\server\apache-tomcat-9.0.12\webapps\ROOT] de l'application web
15-Mar-2024 13:54:50.328 INFOS [main] org.apache.jasper.servlet.TldScanner.scanJars At least one JAR was scanned for TLDs yet contained no TLDs. Enable debug logging for this logger for a complete list of JARs that were scanned but no TLDs were found in them. Skipping unneeded JARs during scanning can improve startup time and JSP compilation time.
15-Mar-2024 13:54:50.332 INFOS [main] org.apache.catalina.startup.HostConfig.deployDirectory Deployment of web application directory [C:\Users\ikram\Downloads\camunda-bpm-tomcat-7.10.0\server\apache-tomcat-9.0.12\webapps\ROOT] has finished in [3 334] ms
15-Mar-2024 13:54:50.336 INFOS [main] org.apache.coyote.AbstractProtocol.start Starting ProtocolHandler ["http-nio-8080"]
15-Mar-2024 13:54:50.355 INFOS [main] org.apache.coyote.AbstractProtocol.start Starting ProtocolHandler ["ajp-nio-8009"]
15-Mar-2024 13:54:50.363 INFOS [main] org.apache.catalina.startup.Catalina.start Server startup in 57686 ms
15-Mar-2024 15:39:58.801 INFOS [http-nio-8080-exec-4] org.jboss.resteasy.logging.impl.Slf4jLogger.info Deploying javax.ws.rs.core.Application: class org.camunda.bpm.admin.impl.web.AdminApplication
15-Mar-2024 15:39:59.313 INFOS [http-nio-8080-exec-8] org.jboss.resteasy.logging.impl.Slf4jLogger.info Deploying javax.ws.rs.core.Application: class org.camunda.bpm.webapp.impl.engine.EngineRestApplication
