28-Mar-2024 13:56:26.189 GRAVE [main] org.apache.catalina.core.StandardContext.listenerStart Exception lors de l'envoi de l'évènement contexte initialisé (context initialized) à l'instance de classe d'écoute (listener) [com.camunda.bpm.camunda_bpm.CamundaBpmProcessApplication]
 org.camunda.bpm.engine.ProcessEngineException: ENGINE-08043 Exception while performing 'Deployment of Process Application Tomcat Host Manager Application' => 'Deployment of process archive 'null': ENGINE-09005 Could not parse BPMN process. Errors: 
* One of the attributes 'class', 'delegateExpression', 'type', or 'expression' is mandatory on serviceTask. | contrat_test_1.bpmn | line 27 | column 92
* Exclusive Gateway 'Gateway_0ytxu5h' has outgoing sequence flow 'Flow_14y7mzu' without condition which is not the default flow. | contrat_test_1.bpmn | line 0 | column 0
* Exclusive Gateway 'Gateway_0ytxu5h' has outgoing sequence flow 'Flow_0awj05q' without condition which is not the default flow. | contrat_test_1.bpmn | line 0 | column 0
	at org.camunda.bpm.container.impl.ContainerIntegrationLogger.exceptionWhilePerformingOperationStep(ContainerIntegrationLogger.java:315)
	at org.camunda.bpm.container.impl.spi.DeploymentOperation.execute(DeploymentOperation.java:135)
	at org.camunda.bpm.container.impl.jmx.MBeanServiceContainer.executeDeploymentOperation(MBeanServiceContainer.java:159)
	at org.camunda.bpm.container.impl.spi.DeploymentOperation$DeploymentOperationBuilder.execute(DeploymentOperation.java:215)
	at org.camunda.bpm.container.impl.RuntimeContainerDelegateImpl.deployProcessApplication(RuntimeContainerDelegateImpl.java:101)
	at org.camunda.bpm.application.AbstractProcessApplication.deploy(AbstractProcessApplication.java:62)
	at org.camunda.bpm.application.impl.ServletProcessApplication.contextInitialized(ServletProcessApplication.java:134)
	at org.apache.catalina.core.StandardContext.listenerStart(StandardContext.java:4641)
	at org.apache.catalina.core.StandardContext.startInternal(StandardContext.java:5109)
	at org.apache.catalina.util.LifecycleBase.start(LifecycleBase.java:183)
	at org.apache.catalina.core.ContainerBase.addChildInternal(ContainerBase.java:743)
	at org.apache.catalina.core.ContainerBase.addChild(ContainerBase.java:719)
	at org.apache.catalina.core.StandardHost.addChild(StandardHost.java:703)
	at org.apache.catalina.startup.HostConfig.deployDirectory(HostConfig.java:1141)
	at org.apache.catalina.startup.HostConfig$DeployDirectory.run(HostConfig.java:1876)
	at java.util.concurrent.Executors$RunnableAdapter.call(Unknown Source)
	at java.util.concurrent.FutureTask.run(Unknown Source)
	at org.apache.tomcat.util.threads.InlineExecutorService.execute(InlineExecutorService.java:75)
	at java.util.concurrent.AbstractExecutorService.submit(Unknown Source)
	at org.apache.catalina.startup.HostConfig.deployDirectories(HostConfig.java:1053)
	at org.apache.catalina.startup.HostConfig.deployApps(HostConfig.java:428)
	at org.apache.catalina.startup.HostConfig.start(HostConfig.java:1585)
	at org.apache.catalina.startup.HostConfig.lifecycleEvent(HostConfig.java:308)
	at org.apache.catalina.util.LifecycleBase.fireLifecycleEvent(LifecycleBase.java:123)
	at org.apache.catalina.util.LifecycleBase.setStateInternal(LifecycleBase.java:424)
	at org.apache.catalina.util.LifecycleBase.setState(LifecycleBase.java:367)
	at org.apache.catalina.core.ContainerBase.startInternal(ContainerBase.java:969)
	at org.apache.catalina.core.StandardHost.startInternal(StandardHost.java:839)
	at org.apache.catalina.util.LifecycleBase.start(LifecycleBase.java:183)
	at org.apache.catalina.core.ContainerBase$StartChild.call(ContainerBase.java:1429)
	at org.apache.catalina.core.ContainerBase$StartChild.call(ContainerBase.java:1419)
	at java.util.concurrent.FutureTask.run(Unknown Source)
	at org.apache.tomcat.util.threads.InlineExecutorService.execute(InlineExecutorService.java:75)
	at java.util.concurrent.AbstractExecutorService.submit(Unknown Source)
	at org.apache.catalina.core.ContainerBase.startInternal(ContainerBase.java:944)
	at org.apache.catalina.core.StandardEngine.startInternal(StandardEngine.java:261)
	at org.apache.catalina.util.LifecycleBase.start(LifecycleBase.java:183)
	at org.apache.catalina.core.StandardService.startInternal(StandardService.java:422)
	at org.apache.catalina.util.LifecycleBase.start(LifecycleBase.java:183)
	at org.apache.catalina.core.StandardServer.startInternal(StandardServer.java:770)
	at org.apache.catalina.util.LifecycleBase.start(LifecycleBase.java:183)
	at org.apache.catalina.startup.Catalina.start(Catalina.java:682)
	at sun.reflect.NativeMethodAccessorImpl.invoke0(Native Method)
	at sun.reflect.NativeMethodAccessorImpl.invoke(Unknown Source)
	at sun.reflect.DelegatingMethodAccessorImpl.invoke(Unknown Source)
	at java.lang.reflect.Method.invoke(Unknown Source)
	at org.apache.catalina.startup.Bootstrap.start(Bootstrap.java:350)
	at org.apache.catalina.startup.Bootstrap.main(Bootstrap.java:492)
Caused by: org.camunda.bpm.engine.ProcessEngineException: ENGINE-09005 Could not parse BPMN process. Errors: 
* One of the attributes 'class', 'delegateExpression', 'type', or 'expression' is mandatory on serviceTask. | contrat_test_1.bpmn | line 27 | column 92
* Exclusive Gateway 'Gateway_0ytxu5h' has outgoing sequence flow 'Flow_14y7mzu' without condition which is not the default flow. | contrat_test_1.bpmn | line 0 | column 0
* Exclusive Gateway 'Gateway_0ytxu5h' has outgoing sequence flow 'Flow_0awj05q' without condition which is not the default flow. | contrat_test_1.bpmn | line 0 | column 0
	at org.camunda.bpm.engine.impl.util.EngineUtilLogger.exceptionDuringParsing(EngineUtilLogger.java:61)
	at org.camunda.bpm.engine.impl.util.xml.Parse.throwExceptionForErrors(Parse.java:207)
	at org.camunda.bpm.engine.impl.bpmn.parser.BpmnParse.execute(BpmnParse.java:271)
	at org.camunda.bpm.engine.impl.bpmn.deployer.BpmnDeployer.transformDefinitions(BpmnDeployer.java:104)
	at org.camunda.bpm.engine.impl.AbstractDefinitionDeployer.transformResource(AbstractDefinitionDeployer.java:98)
	at org.camunda.bpm.engine.impl.AbstractDefinitionDeployer.parseDefinitionResources(AbstractDefinitionDeployer.java:73)
	at org.camunda.bpm.engine.impl.AbstractDefinitionDeployer.deploy(AbstractDefinitionDeployer.java:63)
	at org.camunda.bpm.engine.impl.persistence.deploy.cache.CacheDeployer$1.call(CacheDeployer.java:53)
	at org.camunda.bpm.engine.impl.persistence.deploy.cache.CacheDeployer$1.call(CacheDeployer.java:50)
	at org.camunda.bpm.engine.impl.interceptor.CommandContext.runWithoutAuthorization(CommandContext.java:477)
	at org.camunda.bpm.engine.impl.persistence.deploy.cache.CacheDeployer.deploy(CacheDeployer.java:50)
	at org.camunda.bpm.engine.impl.persistence.deploy.cache.DeploymentCache.deploy(DeploymentCache.java:66)
	at org.camunda.bpm.engine.impl.persistence.entity.DeploymentManager.insertDeployment(DeploymentManager.java:64)
	at org.camunda.bpm.engine.impl.cmd.DeployCmd.deploy(DeployCmd.java:485)
	at org.camunda.bpm.engine.impl.cmd.DeployCmd$1.call(DeployCmd.java:141)
	at org.camunda.bpm.engine.impl.cmd.DeployCmd$1.call(DeployCmd.java:129)
	at org.camunda.bpm.engine.impl.interceptor.CommandContext.runWithoutAuthorization(CommandContext.java:477)
	at org.camunda.bpm.engine.impl.cmd.DeployCmd.doExecute(DeployCmd.java:129)
	at org.camunda.bpm.engine.impl.cmd.DeployCmd.execute(DeployCmd.java:95)
	at org.camunda.bpm.engine.impl.cmd.DeployCmd.execute(DeployCmd.java:75)
	at org.camunda.bpm.engine.impl.interceptor.CommandExecutorImpl.execute(CommandExecutorImpl.java:27)
	at org.camunda.bpm.engine.impl.interceptor.CommandContextInterceptor.execute(CommandContextInterceptor.java:106)
	at org.camunda.bpm.engine.impl.interceptor.ProcessApplicationContextInterceptor.execute(ProcessApplicationContextInterceptor.java:69)
	at org.camunda.bpm.engine.impl.interceptor.LogInterceptor.execute(LogInterceptor.java:32)
	at org.camunda.bpm.engine.impl.RepositoryServiceImpl.deployWithResult(RepositoryServiceImpl.java:101)
	at org.camunda.bpm.engine.impl.repository.DeploymentBuilderImpl.deployWithResult(DeploymentBuilderImpl.java:269)
	at org.camunda.bpm.engine.impl.repository.DeploymentBuilderImpl.deploy(DeploymentBuilderImpl.java:265)
	at org.camunda.bpm.engine.impl.repository.ProcessApplicationDeploymentBuilderImpl.deploy(ProcessApplicationDeploymentBuilderImpl.java:62)
	at org.camunda.bpm.container.impl.deployment.DeployProcessArchiveStep.performOperationStep(DeployProcessArchiveStep.java:144)
	at org.camunda.bpm.container.impl.spi.DeploymentOperation.execute(DeploymentOperation.java:119)
	... 46 more

