29-Mar-2024 09:28:31.667 GRAVE [main] org.apache.catalina.core.StandardContext.listenerStart Exception lors de l'envoi de l'évènement contexte initialisé (context initialized) à l'instance de classe d'écoute (listener) [com.camunda.bpm.camunda_bpm.CamundaBpmProcessApplication]
 org.camunda.bpm.engine.ProcessEngineException: ENGINE-08043 Exception while performing 'Deployment of Process Application camunda-bpm' => 'Deployment of process archive 'null': ENGINE-09005 Could not parse BPMN process. Errors: 
* cvc-complex-type.3.2.2 : L'attribut 'class' n'est pas autorisé dans l'élément 'bpmn:serviceTask'. | contrat_test_1.bpmn | line 27 | column 153
* One of the attributes 'class', 'delegateExpression', 'type', or 'expression' is mandatory on serviceTask. | contrat_test_1.bpmn | line 27 | column 153
	at org.camunda.bpm.container.impl.ContainerIntegrationLogger.exceptionWhilePerformingOperationStep(ContainerIntegrationLogger.java:315)
	at org.camunda.bpm.container.impl.spi.DeploymentOperation.execute(DeploymentOperation.java:135)
	at org.camunda.bpm.container.impl.jmx.MBeanServiceContainer.executeDeploymentOperation(MBeanServiceContainer.java:159)
	at org.camunda.bpm.container.impl.spi.DeploymentOperation$DeploymentOperationBuilder.execute(DeploymentOperation.java:215)
	at org.camunda.bpm.container.impl.RuntimeContainerDelegateImpl.deployProcessApplication(RuntimeContainerDelegateImpl.java:101)
	at org.camunda.bpm.application.AbstractProcessApplication.deploy(AbstractProcessApplication.java:62)
	at org.camunda.bpm.application.impl.ServletProcessApplication.contextInitialized(ServletProcessApplication.java:134)
	at org.apache.catalina.core.StandardContext.listenerStart(StandardContext.java:4641)
	at org.apache.catalina.core.StandardContext.startInternal(StandardContext.java:5109)
	at org.apache.catalina.util.LifecycleBase.start(LifecycleBase.java:183)
	at org.apache.catalina.core.ContainerBase.addChildInternal(ContainerBase.java:743)
	at org.apache.catalina.core.ContainerBase.addChild(ContainerBase.java:719)
	at org.apache.catalina.core.StandardHost.addChild(StandardHost.java:703)
	at org.apache.catalina.startup.HostConfig.deployWAR(HostConfig.java:986)
	at org.apache.catalina.startup.HostConfig$DeployWar.run(HostConfig.java:1858)
	at java.util.concurrent.Executors$RunnableAdapter.call(Unknown Source)
	at java.util.concurrent.FutureTask.run(Unknown Source)
	at org.apache.tomcat.util.threads.InlineExecutorService.execute(InlineExecutorService.java:75)
	at java.util.concurrent.AbstractExecutorService.submit(Unknown Source)
	at org.apache.catalina.startup.HostConfig.deployWARs(HostConfig.java:772)
	at org.apache.catalina.startup.HostConfig.deployApps(HostConfig.java:426)
	at org.apache.catalina.startup.HostConfig.start(HostConfig.java:1585)
	at org.apache.catalina.startup.HostConfig.lifecycleEvent(HostConfig.java:308)
	at org.apache.catalina.util.LifecycleBase.fireLifecycleEvent(LifecycleBase.java:123)
	at org.apache.catalina.util.LifecycleBase.setStateInternal(LifecycleBase.java:424)
	at org.apache.catalina.util.LifecycleBase.setState(LifecycleBase.java:367)
	at org.apache.catalina.core.ContainerBase.startInternal(ContainerBase.java:969)
	at org.apache.catalina.core.StandardHost.startInternal(StandardHost.java:839)
	at org.apache.catalina.util.LifecycleBase.start(LifecycleBase.java:183)
	at org.apache.catalina.core.ContainerBase$StartChild.call(ContainerBase.java:1429)
	at org.apache.catalina.core.ContainerBase$StartChild.call(ContainerBase.java:1419)
	at java.util.concurrent.FutureTask.run(Unknown Source)
	at org.apache.tomcat.util.threads.InlineExecutorService.execute(InlineExecutorService.java:75)
	at java.util.concurrent.AbstractExecutorService.submit(Unknown Source)
	at org.apache.catalina.core.ContainerBase.startInternal(ContainerBase.java:944)
	at org.apache.catalina.core.StandardEngine.startInternal(StandardEngine.java:261)
	at org.apache.catalina.util.LifecycleBase.start(LifecycleBase.java:183)
	at org.apache.catalina.core.StandardService.startInternal(StandardService.java:422)
	at org.apache.catalina.util.LifecycleBase.start(LifecycleBase.java:183)
	at org.apache.catalina.core.StandardServer.startInternal(StandardServer.java:770)
	at org.apache.catalina.util.LifecycleBase.start(LifecycleBase.java:183)
	at org.apache.catalina.startup.Catalina.start(Catalina.java:682)
	at sun.reflect.NativeMethodAccessorImpl.invoke0(Native Method)
	at sun.reflect.NativeMethodAccessorImpl.invoke(Unknown Source)
	at sun.reflect.DelegatingMethodAccessorImpl.invoke(Unknown Source)
	at java.lang.reflect.Method.invoke(Unknown Source)
	at org.apache.catalina.startup.Bootstrap.start(Bootstrap.java:350)
	at org.apache.catalina.startup.Bootstrap.main(Bootstrap.java:492)
Caused by: org.camunda.bpm.engine.ProcessEngineException: ENGINE-09005 Could not parse BPMN process. Errors: 
* cvc-complex-type.3.2.2 : L'attribut 'class' n'est pas autorisé dans l'élément 'bpmn:serviceTask'. | contrat_test_1.bpmn | line 27 | column 153
* One of the attributes 'class', 'delegateExpression', 'type', or 'expression' is mandatory on serviceTask. | contrat_test_1.bpmn | line 27 | column 153
	at org.camunda.bpm.engine.impl.util.EngineUtilLogger.exceptionDuringParsing(EngineUtilLogger.java:61)
	at org.camunda.bpm.engine.impl.util.xml.Parse.throwExceptionForErrors(Parse.java:207)
	at org.camunda.bpm.engine.impl.bpmn.parser.BpmnParse.execute(BpmnParse.java:271)
	at org.camunda.bpm.engine.impl.bpmn.deployer.BpmnDeployer.transformDefinitions(BpmnDeployer.java:104)
	at org.camunda.bpm.engine.impl.AbstractDefinitionDeployer.transformResource(AbstractDefinitionDeployer.java:98)
	at org.camunda.bpm.engine.impl.AbstractDefinitionDeployer.parseDefinitionResources(AbstractDefinitionDeployer.java:73)
	at org.camunda.bpm.engine.impl.AbstractDefinitionDeployer.deploy(AbstractDefinitionDeployer.java:63)
	at org.camunda.bpm.engine.impl.persistence.deploy.cache.CacheDeployer$1.call(CacheDeployer.java:53)
	at org.camunda.bpm.engine.impl.persistence.deploy.cache.CacheDeployer$1.call(CacheDeployer.java:50)
	at org.camunda.bpm.engine.impl.interceptor.CommandContext.runWithoutAuthorization(CommandContext.java:477)
	at org.camunda.bpm.engine.impl.persistence.deploy.cache.CacheDeployer.deploy(CacheDeployer.java:50)
	at org.camunda.bpm.engine.impl.persistence.deploy.cache.DeploymentCache.deploy(DeploymentCache.java:66)
	at org.camunda.bpm.engine.impl.persistence.entity.DeploymentManager.insertDeployment(DeploymentManager.java:64)
	at org.camunda.bpm.engine.impl.cmd.DeployCmd.deploy(DeployCmd.java:485)
	at org.camunda.bpm.engine.impl.cmd.DeployCmd$1.call(DeployCmd.java:141)
	at org.camunda.bpm.engine.impl.cmd.DeployCmd$1.call(DeployCmd.java:129)
	at org.camunda.bpm.engine.impl.interceptor.CommandContext.runWithoutAuthorization(CommandContext.java:477)
	at org.camunda.bpm.engine.impl.cmd.DeployCmd.doExecute(DeployCmd.java:129)
	at org.camunda.bpm.engine.impl.cmd.DeployCmd.execute(DeployCmd.java:95)
	at org.camunda.bpm.engine.impl.cmd.DeployCmd.execute(DeployCmd.java:75)
	at org.camunda.bpm.engine.impl.interceptor.CommandExecutorImpl.execute(CommandExecutorImpl.java:27)
	at org.camunda.bpm.engine.impl.interceptor.CommandContextInterceptor.execute(CommandContextInterceptor.java:106)
	at org.camunda.bpm.engine.impl.interceptor.ProcessApplicationContextInterceptor.execute(ProcessApplicationContextInterceptor.java:69)
	at org.camunda.bpm.engine.impl.interceptor.LogInterceptor.execute(LogInterceptor.java:32)
	at org.camunda.bpm.engine.impl.RepositoryServiceImpl.deployWithResult(RepositoryServiceImpl.java:101)
	at org.camunda.bpm.engine.impl.repository.DeploymentBuilderImpl.deployWithResult(DeploymentBuilderImpl.java:269)
	at org.camunda.bpm.engine.impl.repository.DeploymentBuilderImpl.deploy(DeploymentBuilderImpl.java:265)
	at org.camunda.bpm.engine.impl.repository.ProcessApplicationDeploymentBuilderImpl.deploy(ProcessApplicationDeploymentBuilderImpl.java:62)
	at org.camunda.bpm.container.impl.deployment.DeployProcessArchiveStep.performOperationStep(DeployProcessArchiveStep.java:144)
	at org.camunda.bpm.container.impl.spi.DeploymentOperation.execute(DeploymentOperation.java:119)
	... 46 more

29-Mar-2024 09:35:20.438 INFOS [main] org.apache.catalina.core.ApplicationContext.log ContextListener: contextInitialized()
29-Mar-2024 09:35:20.438 INFOS [main] org.apache.catalina.core.ApplicationContext.log SessionListener: contextInitialized()
29-Mar-2024 09:35:20.442 INFOS [main] org.apache.catalina.core.ApplicationContext.log ContextListener: attributeAdded('StockTicker', 'async.Stockticker@59e4ffa8')
29-Mar-2024 09:53:41.927 INFOS [main] org.apache.catalina.core.ApplicationContext.log ContextListener: contextInitialized()
29-Mar-2024 09:53:41.927 INFOS [main] org.apache.catalina.core.ApplicationContext.log SessionListener: contextInitialized()
29-Mar-2024 09:53:41.930 INFOS [main] org.apache.catalina.core.ApplicationContext.log ContextListener: attributeAdded('StockTicker', 'async.Stockticker@345f5cf6')
29-Mar-2024 10:24:49.197 INFOS [main] org.apache.catalina.core.ApplicationContext.log ContextListener: contextInitialized()
29-Mar-2024 10:24:49.197 INFOS [main] org.apache.catalina.core.ApplicationContext.log SessionListener: contextInitialized()
29-Mar-2024 10:24:49.201 INFOS [main] org.apache.catalina.core.ApplicationContext.log ContextListener: attributeAdded('StockTicker', 'async.Stockticker@77d78372')
29-Mar-2024 10:46:58.560 INFOS [main] org.apache.catalina.core.ApplicationContext.log ContextListener: contextInitialized()
29-Mar-2024 10:46:58.564 INFOS [main] org.apache.catalina.core.ApplicationContext.log SessionListener: contextInitialized()
29-Mar-2024 10:46:58.568 INFOS [main] org.apache.catalina.core.ApplicationContext.log ContextListener: attributeAdded('StockTicker', 'async.Stockticker@299bd49e')
29-Mar-2024 11:04:03.966 INFOS [main] org.apache.catalina.core.ApplicationContext.log ContextListener: contextInitialized()
29-Mar-2024 11:04:03.966 INFOS [main] org.apache.catalina.core.ApplicationContext.log SessionListener: contextInitialized()
29-Mar-2024 11:04:03.970 INFOS [main] org.apache.catalina.core.ApplicationContext.log ContextListener: attributeAdded('StockTicker', 'async.Stockticker@47a6a187')
29-Mar-2024 11:42:20.472 INFOS [main] org.apache.catalina.core.ApplicationContext.log ContextListener: contextInitialized()
29-Mar-2024 11:42:20.473 INFOS [main] org.apache.catalina.core.ApplicationContext.log SessionListener: contextInitialized()
29-Mar-2024 11:42:20.476 INFOS [main] org.apache.catalina.core.ApplicationContext.log ContextListener: attributeAdded('StockTicker', 'async.Stockticker@299bd49e')
29-Mar-2024 12:02:06.519 INFOS [main] org.apache.catalina.core.ApplicationContext.log ContextListener: contextInitialized()
29-Mar-2024 12:02:06.520 INFOS [main] org.apache.catalina.core.ApplicationContext.log SessionListener: contextInitialized()
29-Mar-2024 12:02:06.523 INFOS [main] org.apache.catalina.core.ApplicationContext.log ContextListener: attributeAdded('StockTicker', 'async.Stockticker@4d6d2354')
29-Mar-2024 12:21:16.942 INFOS [main] org.apache.catalina.core.ApplicationContext.log ContextListener: contextInitialized()
29-Mar-2024 12:21:16.942 INFOS [main] org.apache.catalina.core.ApplicationContext.log SessionListener: contextInitialized()
29-Mar-2024 12:21:16.946 INFOS [main] org.apache.catalina.core.ApplicationContext.log ContextListener: attributeAdded('StockTicker', 'async.Stockticker@58a2213c')
29-Mar-2024 12:28:59.567 INFOS [main] org.apache.catalina.core.ApplicationContext.log ContextListener: contextInitialized()
29-Mar-2024 12:28:59.568 INFOS [main] org.apache.catalina.core.ApplicationContext.log SessionListener: contextInitialized()
29-Mar-2024 12:28:59.571 INFOS [main] org.apache.catalina.core.ApplicationContext.log ContextListener: attributeAdded('StockTicker', 'async.Stockticker@4f86b14c')
29-Mar-2024 13:08:34.679 INFOS [main] org.apache.catalina.core.ApplicationContext.log ContextListener: contextInitialized()
29-Mar-2024 13:08:34.680 INFOS [main] org.apache.catalina.core.ApplicationContext.log SessionListener: contextInitialized()
29-Mar-2024 13:08:34.683 INFOS [main] org.apache.catalina.core.ApplicationContext.log ContextListener: attributeAdded('StockTicker', 'async.Stockticker@12c590f1')
29-Mar-2024 13:52:03.945 INFOS [main] org.apache.catalina.core.ApplicationContext.log ContextListener: contextInitialized()
29-Mar-2024 13:52:03.946 INFOS [main] org.apache.catalina.core.ApplicationContext.log SessionListener: contextInitialized()
29-Mar-2024 13:52:03.950 INFOS [main] org.apache.catalina.core.ApplicationContext.log ContextListener: attributeAdded('StockTicker', 'async.Stockticker@7f7ceab0')
