27-Mar-2024 11:15:15.955 GRAVE [main] org.apache.catalina.core.StandardContext.listenerStart Erreur lors de la configuration de la classe d'écoute de l'application (application listener) [org.camunda.bpm.application.impl.web.ProcessArchiveServletContextListener]
 java.lang.UnsupportedClassVersionError: org/camunda/bpm/application/impl/web/ProcessArchiveServletContextListener has been compiled by a more recent version of the Java Runtime (class file version 55.0), this version of the Java Runtime only recognizes class file versions up to 52.0 (unable to load class [org.camunda.bpm.application.impl.web.ProcessArchiveServletContextListener])
	at org.apache.catalina.loader.WebappClassLoaderBase.findClassInternal(WebappClassLoaderBase.java:2357)
	at org.apache.catalina.loader.WebappClassLoaderBase.findClass(WebappClassLoaderBase.java:833)
	at org.apache.catalina.loader.WebappClassLoaderBase.loadClass(WebappClassLoaderBase.java:1278)
	at org.apache.catalina.loader.WebappClassLoaderBase.loadClass(WebappClassLoaderBase.java:1138)
	at org.apache.catalina.core.DefaultInstanceManager.loadClass(DefaultInstanceManager.java:542)
	at org.apache.catalina.core.DefaultInstanceManager.loadClassMaybePrivileged(DefaultInstanceManager.java:523)
	at org.apache.catalina.core.DefaultInstanceManager.newInstance(DefaultInstanceManager.java:150)
	at org.apache.catalina.core.StandardContext.listenerStart(StandardContext.java:4565)
	at org.apache.catalina.core.StandardContext.startInternal(StandardContext.java:5109)
	at org.apache.catalina.util.LifecycleBase.start(LifecycleBase.java:183)
	at org.apache.catalina.core.ContainerBase.addChildInternal(ContainerBase.java:743)
	at org.apache.catalina.core.ContainerBase.addChild(ContainerBase.java:719)
	at org.apache.catalina.core.StandardHost.addChild(StandardHost.java:703)
	at org.apache.catalina.startup.HostConfig.deployDirectory(HostConfig.java:1141)
	at org.apache.catalina.startup.HostConfig$DeployDirectory.run(HostConfig.java:1876)
	at java.util.concurrent.Executors$RunnableAdapter.call(Unknown Source)
	at java.util.concurrent.FutureTask.run(Unknown Source)
	at org.apache.tomcat.util.threads.InlineExecutorService.execute(InlineExecutorService.java:75)
	at java.util.concurrent.AbstractExecutorService.submit(Unknown Source)
	at org.apache.catalina.startup.HostConfig.deployDirectories(HostConfig.java:1053)
	at org.apache.catalina.startup.HostConfig.deployApps(HostConfig.java:428)
	at org.apache.catalina.startup.HostConfig.start(HostConfig.java:1585)
	at org.apache.catalina.startup.HostConfig.lifecycleEvent(HostConfig.java:308)
	at org.apache.catalina.util.LifecycleBase.fireLifecycleEvent(LifecycleBase.java:123)
	at org.apache.catalina.util.LifecycleBase.setStateInternal(LifecycleBase.java:424)
	at org.apache.catalina.util.LifecycleBase.setState(LifecycleBase.java:367)
	at org.apache.catalina.core.ContainerBase.startInternal(ContainerBase.java:969)
	at org.apache.catalina.core.StandardHost.startInternal(StandardHost.java:839)
	at org.apache.catalina.util.LifecycleBase.start(LifecycleBase.java:183)
	at org.apache.catalina.core.ContainerBase$StartChild.call(ContainerBase.java:1429)
	at org.apache.catalina.core.ContainerBase$StartChild.call(ContainerBase.java:1419)
	at java.util.concurrent.FutureTask.run(Unknown Source)
	at org.apache.tomcat.util.threads.InlineExecutorService.execute(InlineExecutorService.java:75)
	at java.util.concurrent.AbstractExecutorService.submit(Unknown Source)
	at org.apache.catalina.core.ContainerBase.startInternal(ContainerBase.java:944)
	at org.apache.catalina.core.StandardEngine.startInternal(StandardEngine.java:261)
	at org.apache.catalina.util.LifecycleBase.start(LifecycleBase.java:183)
	at org.apache.catalina.core.StandardService.startInternal(StandardService.java:422)
	at org.apache.catalina.util.LifecycleBase.start(LifecycleBase.java:183)
	at org.apache.catalina.core.StandardServer.startInternal(StandardServer.java:770)
	at org.apache.catalina.util.LifecycleBase.start(LifecycleBase.java:183)
	at org.apache.catalina.startup.Catalina.start(Catalina.java:682)
	at sun.reflect.NativeMethodAccessorImpl.invoke0(Native Method)
	at sun.reflect.NativeMethodAccessorImpl.invoke(Unknown Source)
	at sun.reflect.DelegatingMethodAccessorImpl.invoke(Unknown Source)
	at java.lang.reflect.Method.invoke(Unknown Source)
	at org.apache.catalina.startup.Bootstrap.start(Bootstrap.java:350)
	at org.apache.catalina.startup.Bootstrap.main(Bootstrap.java:492)

27-Mar-2024 11:15:15.956 GRAVE [main] org.apache.catalina.core.StandardContext.listenerStart L'installation des écouteurs (listeners) de l'application a été sautée suite aux erreurs précédentes
27-Mar-2024 11:15:39.894 INFOS [main] org.apache.catalina.core.ApplicationContext.log ContextListener: contextInitialized()
27-Mar-2024 11:15:39.895 INFOS [main] org.apache.catalina.core.ApplicationContext.log SessionListener: contextInitialized()
27-Mar-2024 11:15:39.897 INFOS [main] org.apache.catalina.core.ApplicationContext.log ContextListener: attributeAdded('StockTicker', 'async.Stockticker@7542ce38')
27-Mar-2024 11:21:11.423 INFOS [main] org.apache.catalina.core.ApplicationContext.log ContextListener: contextInitialized()
27-Mar-2024 11:21:11.424 INFOS [main] org.apache.catalina.core.ApplicationContext.log SessionListener: contextInitialized()
27-Mar-2024 11:21:11.427 INFOS [main] org.apache.catalina.core.ApplicationContext.log ContextListener: attributeAdded('StockTicker', 'async.Stockticker@75da0393')
27-Mar-2024 11:21:34.461 INFOS [main] org.apache.catalina.core.ApplicationContext.log ContextListener: contextInitialized()
27-Mar-2024 11:21:34.461 INFOS [main] org.apache.catalina.core.ApplicationContext.log SessionListener: contextInitialized()
27-Mar-2024 11:21:34.463 INFOS [main] org.apache.catalina.core.ApplicationContext.log ContextListener: attributeAdded('StockTicker', 'async.Stockticker@42934ff2')
27-Mar-2024 11:21:49.792 INFOS [main] org.apache.catalina.core.ApplicationContext.log SessionListener: contextDestroyed()
27-Mar-2024 11:21:49.792 INFOS [main] org.apache.catalina.core.ApplicationContext.log ContextListener: contextDestroyed()
27-Mar-2024 11:27:57.800 INFOS [main] org.apache.catalina.core.ApplicationContext.log ContextListener: contextInitialized()
27-Mar-2024 11:27:57.801 INFOS [main] org.apache.catalina.core.ApplicationContext.log SessionListener: contextInitialized()
27-Mar-2024 11:27:57.804 INFOS [main] org.apache.catalina.core.ApplicationContext.log ContextListener: attributeAdded('StockTicker', 'async.Stockticker@3e8a0b7f')
27-Mar-2024 12:00:56.358 INFOS [main] org.apache.catalina.core.ApplicationContext.log ContextListener: contextInitialized()
27-Mar-2024 12:00:56.358 INFOS [main] org.apache.catalina.core.ApplicationContext.log SessionListener: contextInitialized()
27-Mar-2024 12:00:56.361 INFOS [main] org.apache.catalina.core.ApplicationContext.log ContextListener: attributeAdded('StockTicker', 'async.Stockticker@7a3a4f1c')
27-Mar-2024 12:20:57.622 INFOS [main] org.apache.catalina.core.ApplicationContext.log ContextListener: contextInitialized()
27-Mar-2024 12:20:57.622 INFOS [main] org.apache.catalina.core.ApplicationContext.log SessionListener: contextInitialized()
27-Mar-2024 12:20:57.626 INFOS [main] org.apache.catalina.core.ApplicationContext.log ContextListener: attributeAdded('StockTicker', 'async.Stockticker@d6a3e1c')
27-Mar-2024 12:22:59.777 GRAVE [http-nio-8080-exec-6] org.apache.catalina.core.ApplicationContext.log StandardWrapper.Throwable
 java.lang.RuntimeException: Unable to instantiate MessageBodyReader
	at org.jboss.resteasy.spi.ResteasyProviderFactory.registerProvider(ResteasyProviderFactory.java:838)
	at org.jboss.resteasy.spi.ResteasyProviderFactory.registerProvider(ResteasyProviderFactory.java:820)
	at org.jboss.resteasy.plugins.server.servlet.ServletContainerDispatcher.processApplication(ServletContainerDispatcher.java:158)
	at org.jboss.resteasy.plugins.server.servlet.ServletContainerDispatcher.init(ServletContainerDispatcher.java:90)
	at org.jboss.resteasy.plugins.server.servlet.HttpServletDispatcher.init(HttpServletDispatcher.java:36)
	at org.apache.catalina.core.StandardWrapper.initServlet(StandardWrapper.java:1124)
	at org.apache.catalina.core.StandardWrapper.loadServlet(StandardWrapper.java:1079)
	at org.apache.catalina.core.StandardWrapper.allocate(StandardWrapper.java:761)
	at org.apache.catalina.core.StandardWrapperValve.invoke(StandardWrapperValve.java:133)
	at org.apache.catalina.core.StandardContextValve.invoke(StandardContextValve.java:96)
	at org.apache.catalina.authenticator.AuthenticatorBase.invoke(AuthenticatorBase.java:490)
	at org.apache.catalina.core.StandardHostValve.invoke(StandardHostValve.java:139)
	at org.apache.catalina.valves.ErrorReportValve.invoke(ErrorReportValve.java:92)
	at org.apache.catalina.valves.AbstractAccessLogValve.invoke(AbstractAccessLogValve.java:668)
	at org.apache.catalina.core.StandardEngineValve.invoke(StandardEngineValve.java:74)
	at org.apache.catalina.connector.CoyoteAdapter.service(CoyoteAdapter.java:343)
	at org.apache.coyote.http11.Http11Processor.service(Http11Processor.java:408)
	at org.apache.coyote.AbstractProcessorLight.process(AbstractProcessorLight.java:66)
	at org.apache.coyote.AbstractProtocol$ConnectionHandler.process(AbstractProtocol.java:770)
	at org.apache.tomcat.util.net.NioEndpoint$SocketProcessor.doRun(NioEndpoint.java:1415)
	at org.apache.tomcat.util.net.SocketProcessorBase.run(SocketProcessorBase.java:49)
	at java.util.concurrent.ThreadPoolExecutor.runWorker(Unknown Source)
	at java.util.concurrent.ThreadPoolExecutor$Worker.run(Unknown Source)
	at org.apache.tomcat.util.threads.TaskThread$WrappingRunnable.run(TaskThread.java:61)
	at java.lang.Thread.run(Unknown Source)
Caused by: java.util.ConcurrentModificationException
	at java.util.ArrayList.sort(Unknown Source)
	at java.util.Collections.sort(Unknown Source)
	at org.jboss.resteasy.core.MediaTypeMap.add(MediaTypeMap.java:281)
	at org.jboss.resteasy.spi.ResteasyProviderFactory.addMessageBodyReader(ResteasyProviderFactory.java:519)
	at org.jboss.resteasy.spi.ResteasyProviderFactory.addMessageBodyReader(ResteasyProviderFactory.java:481)
	at org.jboss.resteasy.spi.ResteasyProviderFactory.registerProvider(ResteasyProviderFactory.java:834)
	... 24 more

27-Mar-2024 12:22:59.777 GRAVE [http-nio-8080-exec-6] org.apache.catalina.core.StandardWrapperValve.invoke Exception lors de l'allocation pour la servlet [Engine Api]
 java.util.ConcurrentModificationException
	at java.util.ArrayList.sort(Unknown Source)
	at java.util.Collections.sort(Unknown Source)
	at org.jboss.resteasy.core.MediaTypeMap.add(MediaTypeMap.java:281)
	at org.jboss.resteasy.spi.ResteasyProviderFactory.addMessageBodyReader(ResteasyProviderFactory.java:519)
	at org.jboss.resteasy.spi.ResteasyProviderFactory.addMessageBodyReader(ResteasyProviderFactory.java:481)
	at org.jboss.resteasy.spi.ResteasyProviderFactory.registerProvider(ResteasyProviderFactory.java:834)
	at org.jboss.resteasy.spi.ResteasyProviderFactory.registerProvider(ResteasyProviderFactory.java:820)
	at org.jboss.resteasy.plugins.server.servlet.ServletContainerDispatcher.processApplication(ServletContainerDispatcher.java:158)
	at org.jboss.resteasy.plugins.server.servlet.ServletContainerDispatcher.init(ServletContainerDispatcher.java:90)
	at org.jboss.resteasy.plugins.server.servlet.HttpServletDispatcher.init(HttpServletDispatcher.java:36)
	at org.apache.catalina.core.StandardWrapper.initServlet(StandardWrapper.java:1124)
	at org.apache.catalina.core.StandardWrapper.loadServlet(StandardWrapper.java:1079)
	at org.apache.catalina.core.StandardWrapper.allocate(StandardWrapper.java:761)
	at org.apache.catalina.core.StandardWrapperValve.invoke(StandardWrapperValve.java:133)
	at org.apache.catalina.core.StandardContextValve.invoke(StandardContextValve.java:96)
	at org.apache.catalina.authenticator.AuthenticatorBase.invoke(AuthenticatorBase.java:490)
	at org.apache.catalina.core.StandardHostValve.invoke(StandardHostValve.java:139)
	at org.apache.catalina.valves.ErrorReportValve.invoke(ErrorReportValve.java:92)
	at org.apache.catalina.valves.AbstractAccessLogValve.invoke(AbstractAccessLogValve.java:668)
	at org.apache.catalina.core.StandardEngineValve.invoke(StandardEngineValve.java:74)
	at org.apache.catalina.connector.CoyoteAdapter.service(CoyoteAdapter.java:343)
	at org.apache.coyote.http11.Http11Processor.service(Http11Processor.java:408)
	at org.apache.coyote.AbstractProcessorLight.process(AbstractProcessorLight.java:66)
	at org.apache.coyote.AbstractProtocol$ConnectionHandler.process(AbstractProtocol.java:770)
	at org.apache.tomcat.util.net.NioEndpoint$SocketProcessor.doRun(NioEndpoint.java:1415)
	at org.apache.tomcat.util.net.SocketProcessorBase.run(SocketProcessorBase.java:49)
	at java.util.concurrent.ThreadPoolExecutor.runWorker(Unknown Source)
	at java.util.concurrent.ThreadPoolExecutor$Worker.run(Unknown Source)
	at org.apache.tomcat.util.threads.TaskThread$WrappingRunnable.run(TaskThread.java:61)
	at java.lang.Thread.run(Unknown Source)

27-Mar-2024 13:55:20.540 INFOS [main] org.apache.catalina.core.ApplicationContext.log ContextListener: contextInitialized()
27-Mar-2024 13:55:20.541 INFOS [main] org.apache.catalina.core.ApplicationContext.log SessionListener: contextInitialized()
27-Mar-2024 13:55:20.544 INFOS [main] org.apache.catalina.core.ApplicationContext.log ContextListener: attributeAdded('StockTicker', 'async.Stockticker@6bbb051a')
27-Mar-2024 15:06:41.414 INFOS [main] org.apache.catalina.core.ApplicationContext.log ContextListener: contextInitialized()
27-Mar-2024 15:06:41.414 INFOS [main] org.apache.catalina.core.ApplicationContext.log SessionListener: contextInitialized()
27-Mar-2024 15:06:41.418 INFOS [main] org.apache.catalina.core.ApplicationContext.log ContextListener: attributeAdded('StockTicker', 'async.Stockticker@7a3a4f1c')
